This is pdfTeX, Version 3.141592653-2.6-1.40.25 (MiKTeX 24.1) (preloaded format=pdflatex 2025.11.13)  3 APR 2026 22:06
entering extended mode
 restricted \write18 enabled.
 file:line:error style messages enabled.
 %&-line parsing enabled.
**d:/Projects/BangRag/BangRules/main.tex
(d:/Projects/BangRag/BangRules/main.tex
LaTeX2e <2023-11-01> patch level 1
L3 programming layer <2024-01-04>
(C:\Users\budos\AppData\Local\Programs\MiKTeX\tex/latex/base\report.cls
Document Class: report 2023/05/17 v1.4n Standard LaTeX document class
(C:\Users\budos\AppData\Local\Programs\MiKTeX\tex/latex/base\size10.clo
File: size10.clo 2023/05/17 v1.4n Standard LaTeX file (size option)
)
\c@part=\count187
\c@chapter=\count188
\c@section=\count189
\c@subsection=\count190
\c@subsubsection=\count191
\c@paragraph=\count192
\c@subparagraph=\count193
\c@figure=\count194
\c@table=\count195
\abovecaptionskip=\skip48
\belowcaptionskip=\skip49
\bibindent=\dimen140
) (C:\Users\budos\AppData\Local\Programs\MiKTeX\tex/latex/graphics\graphicx.sty
Package: graphicx 2021/09/16 v1.2d Enhanced LaTeX Graphics (DPC,SPQR)
 (C:\Users\budos\AppData\Local\Programs\MiKTeX\tex/latex/graphics\keyval.sty
Package: keyval 2022/05/29 v1.15 key=value parser (DPC)
\KV@toks@=\toks17
) (C:\Users\budos\AppData\Local\Programs\MiKTeX\tex/latex/graphics\graphics.sty
Package: graphics 2022/03/10 v1.4e Standard LaTeX Graphics (DPC,SPQR)
 (C:\Users\budos\AppData\Local\Programs\MiKTeX\tex/latex/graphics\trig.sty
Package: trig 2021/08/11 v1.11 sin cos tan (DPC)
) (C:\Users\budos\AppData\Local\Programs\MiKTeX\tex/latex/graphics-cfg\graphics.cfg
File: graphics.cfg 2016/06/04 v1.11 sample graphics configuration
)
Package graphics Info: Driver file: pdftex.def on input line 107.
 (C:\Users\budos\AppData\Local\Programs\MiKTeX\tex/latex/graphics-def\pdftex.def
File: pdftex.def 2022/09/22 v1.2b Graphics/color driver for pdftex
))
\Gin@req@height=\dimen141
\Gin@req@width=\dimen142
) (C:\Users\budos\AppData\Local\Programs\MiKTeX\tex/latex/lipsum\lipsum.sty (C:\Users\budos\AppData\Local\Programs\MiKTeX\tex/latex/l3packages/l3keys2e\l3keys2e.sty (C:\Users\budos\AppData\Local\Programs\MiKTeX\tex/latex/l3kernel\expl3.sty
Package: expl3 2024-01-04 L3 programming layer (loader) 
 (C:\Users\budos\AppData\Local\Programs\MiKTeX\tex/latex/l3backend\l3backend-pdftex.def
File: l3backend-pdftex.def 2024-01-04 L3 backend support: PDF output (pdfTeX)
\l__color_backend_stack_int=\count196
\l__pdf_internal_box=\box51
))
Package: l3keys2e 2023-10-10 LaTeX2e option processing using LaTeX3 keys
)
Package: lipsum 2021-09-20 v2.7 150 paragraphs of Lorem Ipsum dummy text
\g__lipsum_par_int=\count197
\l__lipsum_a_int=\count198
\l__lipsum_b_int=\count199
 (C:\Users\budos\AppData\Local\Programs\MiKTeX\tex/latex/lipsum\lipsum.ltd.tex)) (C:\Users\budos\AppData\Local\Programs\MiKTeX\tex/latex/tools\array.sty
Package: array 2023/10/16 v2.5g Tabular extension package (FMi)
\col@sep=\dimen143
\ar@mcellbox=\box52
\extrarowheight=\dimen144
\NC@list=\toks18
\extratabsurround=\skip50
\backup@length=\skip51
\ar@cellbox=\box53
) (C:\Users\budos\AppData\Local\Programs\MiKTeX\tex/latex/geometry\geometry.sty
Package: geometry 2020/01/02 v5.9 Page Geometry
 (C:\Users\budos\AppData\Local\Programs\MiKTeX\tex/generic/iftex\ifvtex.sty
Package: ifvtex 2019/10/25 v1.7 ifvtex legacy package. Use iftex instead.
 (C:\Users\budos\AppData\Local\Programs\MiKTeX\tex/generic/iftex\iftex.sty
Package: iftex 2022/02/03 v1.0f TeX engine tests
))
\Gm@cnth=\count266
\Gm@cntv=\count267
\c@Gm@tempcnt=\count268
\Gm@bindingoffset=\dimen145
\Gm@wd@mp=\dimen146
\Gm@odd@mp=\dimen147
\Gm@even@mp=\dimen148
\Gm@layoutwidth=\dimen149
\Gm@layoutheight=\dimen150
\Gm@layouthoffset=\dimen151
\Gm@layoutvoffset=\dimen152
\Gm@dimlist=\toks19
 (C:\Users\budos\AppData\Local\Programs\MiKTeX\tex/latex/geometry\geometry.cfg)) (C:\Users\budos\AppData\Local\Programs\MiKTeX\tex/latex/caption\caption.sty
Package: caption 2023/08/05 v3.6o Customizing captions (AR)
 (C:\Users\budos\AppData\Local\Programs\MiKTeX\tex/latex/caption\caption3.sty
Package: caption3 2023/07/31 v2.4d caption3 kernel (AR)
\caption@tempdima=\dimen153
\captionmargin=\dimen154
\caption@leftmargin=\dimen155
\caption@rightmargin=\dimen156
\caption@width=\dimen157
\caption@indent=\dimen158
\caption@parindent=\dimen159
\caption@hangindent=\dimen160
Package caption Info: Standard document class detected.
)
\c@caption@flags=\count269
\c@continuedfloat=\count270
) (C:\Users\budos\AppData\Local\Programs\MiKTeX\tex/latex/comment\comment.sty
\CommentStream=\write3
 Excluding comment 'comment') (C:\Users\budos\AppData\Local\Programs\MiKTeX\tex/latex/url\url.sty
\Urlmuskip=\muskip16
Package: url 2013/09/16  ver 3.4  Verb mode for urls, etc.
) (C:\Users\budos\AppData\Local\Programs\MiKTeX\tex/latex/base\inputenc.sty
Package: inputenc 2021/02/14 v1.3d Input encoding file
\inpenc@prehook=\toks20
\inpenc@posthook=\toks21
) (C:\Users\budos\AppData\Local\Programs\MiKTeX\tex/latex/base\fontenc.sty
Package: fontenc 2021/04/29 v2.0v Standard LaTeX package
) (C:\Users\budos\AppData\Local\Programs\MiKTeX\tex/latex/amsmath\amsmath.sty
Package: amsmath 2023/05/13 v2.17o AMS math features
\@mathmargin=\skip52

For additional information on amsmath, use the `?' option.
(C:\Users\budos\AppData\Local\Programs\MiKTeX\tex/latex/amsmath\amstext.sty
Package: amstext 2021/08/26 v2.01 AMS text
 (C:\Users\budos\AppData\Local\Programs\MiKTeX\tex/latex/amsmath\amsgen.sty
File: amsgen.sty 1999/11/30 v2.0 generic functions
\@emptytoks=\toks22
\ex@=\dimen161
)) (C:\Users\budos\AppData\Local\Programs\MiKTeX\tex/latex/amsmath\amsbsy.sty
Package: amsbsy 1999/11/29 v1.2d Bold Symbols
\pmbraise@=\dimen162
) (C:\Users\budos\AppData\Local\Programs\MiKTeX\tex/latex/amsmath\amsopn.sty
Package: amsopn 2022/04/08 v2.04 operator names
)
\inf@bad=\count271
LaTeX Info: Redefining \frac on input line 234.
\uproot@=\count272
\leftroot@=\count273
LaTeX Info: Redefining \overline on input line 399.
LaTeX Info: Redefining \colon on input line 410.
\classnum@=\count274
\DOTSCASE@=\count275
LaTeX Info: Redefining \ldots on input line 496.
LaTeX Info: Redefining \dots on input line 499.
LaTeX Info: Redefining \cdots on input line 620.
\Mathstrutbox@=\box54
\strutbox@=\box55
LaTeX Info: Redefining \big on input line 722.
LaTeX Info: Redefining \Big on input line 723.
LaTeX Info: Redefining \bigg on input line 724.
LaTeX Info: Redefining \Bigg on input line 725.
\big@size=\dimen163
LaTeX Font Info:    Redeclaring font encoding OML on input line 743.
LaTeX Font Info:    Redeclaring font encoding OMS on input line 744.
\macc@depth=\count276
LaTeX Info: Redefining \bmod on input line 905.
LaTeX Info: Redefining \pmod on input line 910.
LaTeX Info: Redefining \smash on input line 940.
LaTeX Info: Redefining \relbar on input line 970.
LaTeX Info: Redefining \Relbar on input line 971.
\c@MaxMatrixCols=\count277
\dotsspace@=\muskip17
\c@parentequation=\count278
\dspbrk@lvl=\count279
\tag@help=\toks23
\row@=\count280
\column@=\count281
\maxfields@=\count282
\andhelp@=\toks24
\eqnshift@=\dimen164
\alignsep@=\dimen165
\tagshift@=\dimen166
\tagwidth@=\dimen167
\totwidth@=\dimen168
\lineht@=\dimen169
\@envbody=\toks25
\multlinegap=\skip53
\multlinetaggap=\skip54
\mathdisplay@stack=\toks26
LaTeX Info: Redefining \[ on input line 2953.
LaTeX Info: Redefining \] on input line 2954.
) (C:\Users\budos\AppData\Local\Programs\MiKTeX\tex/latex/titlesec\titlesec.sty
Package: titlesec 2025/01/04 v2.17 Sectioning titles
\ttl@box=\box56
\beforetitleunit=\skip55
\aftertitleunit=\skip56
\ttl@plus=\dimen170
\ttl@minus=\dimen171
\ttl@toksa=\toks27
\titlewidth=\dimen172
\titlewidthlast=\dimen173
\titlewidthfirst=\dimen174
) (C:\Users\budos\AppData\Local\Programs\MiKTeX\tex/generic/babel\babel.sty
Package: babel 2024/01/07 v24.1 The Babel package
\babel@savecnt=\count283
\U@D=\dimen175
\l@unhyphenated=\language79
 (C:\Users\budos\AppData\Local\Programs\MiKTeX\tex/generic/babel\txtbabel.def)
\bbl@readstream=\read2
\bbl@dirlevel=\count284

*************************************
* Local config file bblopts.cfg used
*
(C:\Users\budos\AppData\Local\Programs\MiKTeX\tex/latex/arabi\bblopts.cfg
File: bblopts.cfg 2005/09/08 v0.1 add Arabic and Farsi to "declared" options of babel
) (C:\Users\budos\AppData\Local\Programs\MiKTeX\tex/latex/babel-slovak\slovak.ldf
Language: slovak 2008/07/06 v3.1a Slovak support from the babel system
Package babel Info: Making ^ an active character on input line 123.
Package babel Info: Making " an active character on input line 126.
Package babel Info: Making ' an active character on input line 129.
\cs@wordlen=\count285
Package babel Info: Making - an active character on input line 294.
)) (C:\Users\budos\AppData\Local\Programs\MiKTeX\tex/generic/babel/locale/sk\babel-slovak.tex
Package babel Info: Importing font and identification data for slovak
(babel)             from babel-sk.ini. Reported on input line 11.
)

LaTeX Warning: Unused global option(s):
    [14pt].

(main.aux

LaTeX Warning: Label `fig:bang' multiply defined.


LaTeX Warning: Label `fig:vedle' multiply defined.


LaTeX Warning: Label `fig:duel' multiply defined.


LaTeX Warning: Label `fig:bang' multiply defined.


LaTeX Warning: Label `fig:vedle' multiply defined.


LaTeX Warning: Label `fig:duel' multiply defined.


LaTeX Warning: Label `fig:panico' multiply defined.


LaTeX Warning: Label `fig:bang' multiply defined.


LaTeX Warning: Label `fig:vedle' multiply defined.


LaTeX Warning: Label `fig:duel' multiply defined.


LaTeX Warning: Label `fig:panico' multiply defined.


LaTeX Warning: Label `fig:bang' multiply defined.


LaTeX Warning: Label `fig:vedle' multiply defined.


LaTeX Warning: Label `fig:duel' multiply defined.


LaTeX Warning: Label `fig:panico' multiply defined.


LaTeX Warning: Label `fig:bang' multiply defined.


LaTeX Warning: Label `fig:vedle' multiply defined.


LaTeX Warning: Label `fig:duel' multiply defined.


LaTeX Warning: Label `fig:panico' multiply defined.


LaTeX Warning: Label `fig:bang' multiply defined.


LaTeX Warning: Label `fig:vedle' multiply defined.


LaTeX Warning: Label `fig:duel' multiply defined.


LaTeX Warning: Label `fig:panico' multiply defined.


LaTeX Warning: Label `fig:bang' multiply defined.


LaTeX Warning: Label `fig:vedle' multiply defined.


LaTeX Warning: Label `fig:duel' multiply defined.


LaTeX Warning: Label `fig:panico' multiply defined.


LaTeX Warning: Label `fig:bang' multiply defined.


LaTeX Warning: Label `fig:vedle' multiply defined.


LaTeX Warning: Label `fig:duel' multiply defined.


LaTeX Warning: Label `fig:panico' multiply defined.


LaTeX Warning: Label `fig:bang' multiply defined.


LaTeX Warning: Label `fig:vedle' multiply defined.


LaTeX Warning: Label `fig:duel' multiply defined.


LaTeX Warning: Label `fig:panico' multiply defined.


LaTeX Warning: Label `fig:bang' multiply defined.


LaTeX Warning: Label `fig:vedle' multiply defined.


LaTeX Warning: Label `fig:duel' multiply defined.


LaTeX Warning: Label `fig:vedle' multiply defined.


LaTeX Warning: Label `fig:bang' multiply defined.


LaTeX Warning: Label `fig:vedle' multiply defined.


LaTeX Warning: Label `fig:duel' multiply defined.


LaTeX Warning: Label `fig:panico' multiply defined.


LaTeX Warning: Label `fig:bang' multiply defined.


LaTeX Warning: Label `fig:panico' multiply defined.


LaTeX Warning: Label `fig:duel' multiply defined.


LaTeX Warning: Label `fig:panico' multiply defined.


LaTeX Warning: Label `fig:bang' multiply defined.


LaTeX Warning: Label `fig:vedle' multiply defined.


LaTeX Warning: Label `fig:duel' multiply defined.


LaTeX Warning: Label `fig:panico' multiply defined.


LaTeX Warning: Label `fig:vedle' multiply defined.


LaTeX Warning: Label `fig:duel' multiply defined.


LaTeX Warning: Label `fig:panico' multiply defined.


LaTeX Warning: Label `fig:bang' multiply defined.


LaTeX Warning: Label `fig:vedle' multiply defined.


LaTeX Warning: Label `fig:duel' multiply defined.


LaTeX Warning: Label `fig:panico' multiply defined.


LaTeX Warning: Label `fig:bang' multiply defined.


LaTeX Warning: Label `fig:bang' multiply defined.


LaTeX Warning: Label `fig:vedle' multiply defined.


LaTeX Warning: Label `fig:duel' multiply defined.


LaTeX Warning: Label `fig:panico' multiply defined.


LaTeX Warning: Label `fig:bang' multiply defined.


LaTeX Warning: Label `fig:vedle' multiply defined.


LaTeX Warning: Label `fig:duel' multiply defined.


LaTeX Warning: Label `fig:panico' multiply defined.


LaTeX Warning: Label `fig:bang' multiply defined.


LaTeX Warning: Label `fig:vedle' multiply defined.


LaTeX Warning: Label `fig:duel' multiply defined.


LaTeX Warning: Label `fig:panico' multiply defined.


LaTeX Warning: Label `fig:bang' multiply defined.


LaTeX Warning: Label `fig:vedle' multiply defined.


LaTeX Warning: Label `fig:duel' multiply defined.


LaTeX Warning: Label `fig:panico' multiply defined.


LaTeX Warning: Label `fig:bang' multiply defined.


LaTeX Warning: Label `fig:vedle' multiply defined.


LaTeX Warning: Label `fig:duel' multiply defined.


LaTeX Warning: Label `fig:panico' multiply defined.


LaTeX Warning: Label `fig:bang' multiply defined.


LaTeX Warning: Label `fig:vedle' multiply defined.


LaTeX Warning: Label `fig:duel' multiply defined.


LaTeX Warning: Label `fig:panico' multiply defined.


LaTeX Warning: Label `fig:bang' multiply defined.


LaTeX Warning: Label `fig:vedle' multiply defined.


LaTeX Warning: Label `fig:duel' multiply defined.


LaTeX Warning: Label `fig:panico' multiply defined.


LaTeX Warning: Label `fig:bang' multiply defined.


LaTeX Warning: Label `fig:vedle' multiply defined.


LaTeX Warning: Label `fig:duel' multiply defined.


LaTeX Warning: Label `fig:panico' multiply defined.


LaTeX Warning: Label `fig:bang' multiply defined.


LaTeX Warning: Label `fig:vedle' multiply defined.


LaTeX Warning: Label `fig:duel' multiply defined.


LaTeX Warning: Label `fig:panico' multiply defined.


LaTeX Warning: Label `fig:bang' multiply defined.


LaTeX Warning: Label `fig:vedle' multiply defined.


LaTeX Warning: Label `fig:duel' multiply defined.


LaTeX Warning: Label `fig:panico' multiply defined.


LaTeX Warning: Label `fig:bang' multiply defined.


LaTeX Warning: Label `fig:bang' multiply defined.


LaTeX Warning: Label `fig:vedle' multiply defined.


LaTeX Warning: Label `fig:duel' multiply defined.


LaTeX Warning: Label `fig:panico' multiply defined.


LaTeX Warning: Label `fig:bang' multiply defined.


LaTeX Warning: Label `fig:vedle' multiply defined.


LaTeX Warning: Label `fig:duel' multiply defined.


LaTeX Warning: Label `fig:panico' multiply defined.


LaTeX Warning: Label `obr:outliers' multiply defined.

)
\openout1 = `main.aux'.

LaTeX Font Info:    Checking defaults for OML/cmm/m/it on input line 32.
LaTeX Font Info:    ... okay on input line 32.
LaTeX Font Info:    Checking defaults for OMS/cmsy/m/n on input line 32.
LaTeX Font Info:    ... okay on input line 32.
LaTeX Font Info:    Checking defaults for OT1/cmr/m/n on input line 32.
LaTeX Font Info:    ... okay on input line 32.
LaTeX Font Info:    Checking defaults for T1/cmr/m/n on input line 32.
LaTeX Font Info:    ... okay on input line 32.
LaTeX Font Info:    Checking defaults for TS1/cmr/m/n on input line 32.
LaTeX Font Info:    ... okay on input line 32.
LaTeX Font Info:    Checking defaults for OMX/cmex/m/n on input line 32.
LaTeX Font Info:    ... okay on input line 32.
LaTeX Font Info:    Checking defaults for U/cmr/m/n on input line 32.
LaTeX Font Info:    ... okay on input line 32.
 (C:\Users\budos\AppData\Local\Programs\MiKTeX\tex/context/base/mkii\supp-pdf.mkii
[Loading MPS to PDF converter (version 2006.09.02).]
\scratchcounter=\count286
\scratchdimen=\dimen176
\scratchbox=\box57
\nofMPsegments=\count287
\nofMParguments=\count288
\everyMPshowfont=\toks28
\MPscratchCnt=\count289
\MPscratchDim=\dimen177
\MPnumerator=\count290
\makeMPintoPDFobject=\count291
\everyMPtoPDFconversion=\toks29
) (C:\Users\budos\AppData\Local\Programs\MiKTeX\tex/latex/epstopdf-pkg\epstopdf-base.sty
Package: epstopdf-base 2020-01-24 v2.11 Base part for package epstopdf
 (C:\Users\budos\AppData\Local\Programs\MiKTeX\tex/generic/infwarerr\infwarerr.sty
Package: infwarerr 2019/12/03 v1.5 Providing info/warning/error messages (HO)
) (C:\Users\budos\AppData\Local\Programs\MiKTeX\tex/latex/grfext\grfext.sty
Package: grfext 2019/12/03 v1.3 Manage graphics extensions (HO)
 (C:\Users\budos\AppData\Local\Programs\MiKTeX\tex/generic/kvdefinekeys\kvdefinekeys.sty
Package: kvdefinekeys 2019-12-19 v1.6 Define keys (HO)
)) (C:\Users\budos\AppData\Local\Programs\MiKTeX\tex/latex/kvoptions\kvoptions.sty
Package: kvoptions 2022-06-15 v3.15 Key value format for package options (HO)
 (C:\Users\budos\AppData\Local\Programs\MiKTeX\tex/generic/ltxcmds\ltxcmds.sty
Package: ltxcmds 2023-12-04 v1.26 LaTeX kernel commands for general use (HO)
) (C:\Users\budos\AppData\Local\Programs\MiKTeX\tex/latex/kvsetkeys\kvsetkeys.sty
Package: kvsetkeys 2022-10-05 v1.19 Key value parser (HO)
)) (C:\Users\budos\AppData\Local\Programs\MiKTeX\tex/generic/pdftexcmds\pdftexcmds.sty
Package: pdftexcmds 2020-06-27 v0.33 Utility functions of pdfTeX for LuaTeX (HO)
Package pdftexcmds Info: \pdf@primitive is available.
Package pdftexcmds Info: \pdf@ifprimitive is available.
Package pdftexcmds Info: \pdfdraftmode found.
)
Package epstopdf-base Info: Redefining graphics rule for `.eps' on input line 485.
Package grfext Info: Graphics extension search list:
(grfext)             [.pdf,.png,.jpg,.mps,.jpeg,.jbig2,.jb2,.PDF,.PNG,.JPG,.JPEG,.JBIG2,.JB2,.eps]
(grfext)             \AppendGraphicsExtensions on input line 504.
 (C:\Users\budos\AppData\Local\Programs\MiKTeX\tex/latex/00miktex\epstopdf-sys.cfg
File: epstopdf-sys.cfg 2021/03/18 v2.0 Configuration of epstopdf for MiKTeX
))
*geometry* driver: auto-detecting
*geometry* detected driver: pdftex
*geometry* verbose mode - [ preamble ] result:
* driver: pdftex
* paper: a4paper
* layout: <same size as paper>
* layoutoffset:(h,v)=(0.0pt,0.0pt)
* modes: 
* h-part:(L,W,R)=(36.135pt, 525.23788pt, 36.135pt)
* v-part:(T,H,B)=(36.135pt, 765.54942pt, 43.36243pt)
* \paperwidth=597.50787pt
* \paperheight=845.04684pt
* \textwidth=525.23788pt
* \textheight=765.54942pt
* \oddsidemargin=-36.135pt
* \evensidemargin=-36.135pt
* \topmargin=-73.135pt
* \headheight=12.0pt
* \headsep=25.0pt
* \topskip=10.0pt
* \footskip=30.0pt
* \marginparwidth=65.0pt
* \marginparsep=11.0pt
* \columnsep=10.0pt
* \skip\footins=9.0pt plus 4.0pt minus 2.0pt
* \hoffset=0.0pt
* \voffset=0.0pt
* \mag=1000
* \@twocolumnfalse
* \@twosidefalse
* \@mparswitchfalse
* \@reversemarginfalse
* (1in=72.27pt=25.4mm, 1cm=28.453pt)

Package caption Info: Begin \AtBeginDocument code.
Package caption Info: End \AtBeginDocument code.
[1

{C:/Users/budos/AppData/Local/MiKTeX/fonts/map/pdftex/pdftex.map}] (main.toc)
\tf@toc=\write4
\openout4 = `main.toc'.

 [1

] (main.lof [2

] [3] [4])
\tf@lof=\write5
\openout5 = `main.lof'.

 [5]
*geometry* verbose mode - [ newgeometry ] result:
* driver: pdftex
* paper: a4paper
* layout: <same size as paper>
* layoutoffset:(h,v)=(0.0pt,0.0pt)
* modes: 
* h-part:(L,W,R)=(36.135pt, 525.23788pt, 36.135pt)
* v-part:(T,H,B)=(0.0pt, 801.68442pt, 43.36243pt)
* \paperwidth=597.50787pt
* \paperheight=845.04684pt
* \textwidth=525.23788pt
* \textheight=801.68442pt
* \oddsidemargin=-36.135pt
* \evensidemargin=-36.135pt
* \topmargin=-109.26999pt
* \headheight=12.0pt
* \headsep=25.0pt
* \topskip=10.0pt
* \footskip=30.0pt
* \marginparwidth=65.0pt
* \marginparsep=11.0pt
* \columnsep=10.0pt
* \skip\footins=9.0pt plus 4.0pt minus 2.0pt
* \hoffset=0.0pt
* \voffset=0.0pt
* \mag=1000
* \@twocolumnfalse
* \@twosidefalse
* \@mparswitchfalse
* \@reversemarginfalse
* (1in=72.27pt=25.4mm, 1cm=28.453pt)

 (general_rules.tex
Kapitola 1.
[1


]) (vysvetlivky.tex [2]) (hnede.tex [3

]
Kapitola 2.
<Hnede/01_bang.png, id=40, 250.9375pt x 390.45876pt>
File: Hnede/01_bang.png Graphic file (type png)
<use Hnede/01_bang.png>
Package pdftex.def Info: Hnede/01_bang.png  used on input line 25.
(pdftex.def)             Requested size: 94.54497pt x 147.11278pt.

Underfull \hbox (badness 4205) in paragraph at lines 26--26
[]\T1/cmr/m/n/8 Obr. 2.1: |Vy-volá efekt Bang!
 []

<Hnede/01_mancato.png, id=42, 250.9375pt x 390.45876pt>
File: Hnede/01_mancato.png Graphic file (type png)
<use Hnede/01_mancato.png>
Package pdftex.def Info: Hnede/01_mancato.png  used on input line 31.
(pdftex.def)             Requested size: 94.54497pt x 147.11278pt.

Underfull \hbox (badness 1009) in paragraph at lines 32--32
[]\T1/cmr/m/n/8 Obr. 2.2: |Za-hra-ním tejto karty
 []

<Hnede/01_birra.png, id=43, 250.9375pt x 390.45876pt>
File: Hnede/01_birra.png Graphic file (type png)
<use Hnede/01_birra.png>
Package pdftex.def Info: Hnede/01_birra.png  used on input line 37.
(pdftex.def)             Requested size: 94.54497pt x 147.11278pt.
<Hnede/01_catbalou.png, id=44, 250.9375pt x 390.45876pt>
File: Hnede/01_catbalou.png Graphic file (type png)
<use Hnede/01_catbalou.png>
Package pdftex.def Info: Hnede/01_catbalou.png  used on input line 43.
(pdftex.def)             Requested size: 94.54497pt x 147.11278pt.

Underfull \hbox (badness 1009) in paragraph at lines 44--44
[]\T1/cmr/m/n/8 Obr. 2.4: |Za-hra-ním tejto karty
 []

<Hnede/01_panico.png, id=45, 250.9375pt x 390.45876pt>
File: Hnede/01_panico.png Graphic file (type png)
<use Hnede/01_panico.png>
Package pdftex.def Info: Hnede/01_panico.png  used on input line 55.
(pdftex.def)             Requested size: 94.54497pt x 147.11278pt.
<Hnede/01_saloon.png, id=46, 250.9375pt x 390.45876pt>
File: Hnede/01_saloon.png Graphic file (type png)
<use Hnede/01_saloon.png>
Package pdftex.def Info: Hnede/01_saloon.png  used on input line 61.
(pdftex.def)             Requested size: 94.54497pt x 147.11278pt.
<Hnede/01_duello.png, id=47, 250.9375pt x 390.45876pt>
File: Hnede/01_duello.png Graphic file (type png)
<use Hnede/01_duello.png>
Package pdftex.def Info: Hnede/01_duello.png  used on input line 67.
(pdftex.def)             Requested size: 94.54497pt x 147.11278pt.

Underfull \hbox (badness 2134) in paragraph at lines 68--68
[]\T1/cmr/m/n/8 Obr. 2.7: |Vy-zvete ©u-bo-vo©-ného
 []

<Hnede/01_gatling.png, id=48, 250.9375pt x 390.45876pt>
File: Hnede/01_gatling.png Graphic file (type png)
<use Hnede/01_gatling.png>
Package pdftex.def Info: Hnede/01_gatling.png  used on input line 73.
(pdftex.def)             Requested size: 94.54497pt x 147.11278pt.

LaTeX Warning: `!h' float specifier changed to `!ht'.

<Hnede/01_indiani.png, id=49, 250.9375pt x 390.45876pt>
File: Hnede/01_indiani.png Graphic file (type png)
<use Hnede/01_indiani.png>
Package pdftex.def Info: Hnede/01_indiani.png  used on input line 85.
(pdftex.def)             Requested size: 94.54497pt x 147.11278pt.
<Hnede/01_diligenza.png, id=50, 250.9375pt x 390.45876pt>
File: Hnede/01_diligenza.png Graphic file (type png)
<use Hnede/01_diligenza.png>
Package pdftex.def Info: Hnede/01_diligenza.png  used on input line 91.
(pdftex.def)             Requested size: 94.54497pt x 147.11278pt.
<Hnede/01_wellsfargo.png, id=51, 250.9375pt x 390.45876pt>
File: Hnede/01_wellsfargo.png Graphic file (type png)
<use Hnede/01_wellsfargo.png>
Package pdftex.def Info: Hnede/01_wellsfargo.png  used on input line 97.
(pdftex.def)             Requested size: 94.54497pt x 147.11278pt.
<Hnede/01_emporio.png, id=52, 250.9375pt x 390.45876pt>
File: Hnede/01_emporio.png Graphic file (type png)
<use Hnede/01_emporio.png>
Package pdftex.def Info: Hnede/01_emporio.png  used on input line 103.
(pdftex.def)             Requested size: 94.54497pt x 147.11278pt.

LaTeX Warning: `!h' float specifier changed to `!ht'.

Excluding 'comment' comment.
<Hnede/03_pugno.png, id=53, 250.9375pt x 390.45876pt>
File: Hnede/03_pugno.png Graphic file (type png)
<use Hnede/03_pugno.png>
Package pdftex.def Info: Hnede/03_pugno.png  used on input line 141.
(pdftex.def)             Requested size: 94.54497pt x 147.11278pt.
<Hnede/03_schivata.png, id=54, 250.9375pt x 390.45876pt>
File: Hnede/03_schivata.png Graphic file (type png)
<use Hnede/03_schivata.png>
Package pdftex.def Info: Hnede/03_schivata.png  used on input line 147.
(pdftex.def)             Requested size: 94.54497pt x 147.11278pt.
<Hnede/03_rissa.png, id=55, 250.9375pt x 390.45876pt>
File: Hnede/03_rissa.png Graphic file (type png)
<use Hnede/03_rissa.png>
Package pdftex.def Info: Hnede/03_rissa.png  used on input line 153.
(pdftex.def)             Requested size: 94.54497pt x 147.11278pt.
<Hnede/03_rag_time.png, id=56, 250.9375pt x 390.45876pt>
File: Hnede/03_rag_time.png Graphic file (type png)
<use Hnede/03_rag_time.png>
Package pdftex.def Info: Hnede/03_rag_time.png  used on input line 159.
(pdftex.def)             Requested size: 94.54497pt x 147.11278pt.

Underfull \hbox (badness 3108) in paragraph at lines 160--160
\T1/cmr/m/n/8 spolu s od-ho-de-nim ©u-bo-vo©-nej
 []


LaTeX Warning: `!h' float specifier changed to `!ht'.

<Hnede/03_springfield.png, id=57, 250.9375pt x 390.45876pt>
File: Hnede/03_springfield.png Graphic file (type png)
<use Hnede/03_springfield.png>
Package pdftex.def Info: Hnede/03_springfield.png  used on input line 168.
(pdftex.def)             Requested size: 94.54497pt x 147.11278pt.

Underfull \hbox (badness 1320) in paragraph at lines 169--169
\T1/cmr/m/n/8 a od-ho-de-ním ©u-bo-vo©-nej ¤al-˛ej
 []


Underfull \hbox (badness 1062) in paragraph at lines 169--169
\T1/cmr/m/n/8 karty bez úŁinku sa ©u-bo-vo©ný
 []

<Hnede/03_tequila.png, id=58, 250.9375pt x 390.45876pt>
File: Hnede/03_tequila.png Graphic file (type png)
<use Hnede/03_tequila.png>
Package pdftex.def Info: Hnede/03_tequila.png  used on input line 174.
(pdftex.def)             Requested size: 94.54497pt x 147.11278pt.

Underfull \hbox (badness 1320) in paragraph at lines 175--175
\T1/cmr/m/n/8 a od-ho-de-ním ©u-bo-vo©-nej ¤al-˛ej
 []

<Hnede/03_whisky.png, id=59, 250.9375pt x 390.45876pt>
File: Hnede/03_whisky.png Graphic file (type png)
<use Hnede/03_whisky.png>
Package pdftex.def Info: Hnede/03_whisky.png  used on input line 180.
(pdftex.def)             Requested size: 94.54497pt x 147.11278pt.

Underfull \hbox (badness 1320) in paragraph at lines 181--181
\T1/cmr/m/n/8 a od-ho-de-ním ©u-bo-vo©-nej ¤al-˛ej
 []

<Hnede/07_bandidos.png, id=60, 250.9375pt x 390.45876pt>
File: Hnede/07_bandidos.png Graphic file (type png)
<use Hnede/07_bandidos.png>
Package pdftex.def Info: Hnede/07_bandidos.png  used on input line 186.
(pdftex.def)             Requested size: 94.54497pt x 147.11278pt.

LaTeX Warning: `!h' float specifier changed to `!ht'.

<Hnede/07_tornado.png, id=61, 250.9375pt x 390.45876pt>
File: Hnede/07_tornado.png Graphic file (type png)
<use Hnede/07_tornado.png>
Package pdftex.def Info: Hnede/07_tornado.png  used on input line 194.
(pdftex.def)             Requested size: 94.54497pt x 147.11278pt.
<Hnede/07_fuga.png, id=62, 250.9375pt x 390.45876pt>
File: Hnede/07_fuga.png Graphic file (type png)
<use Hnede/07_fuga.png>
Package pdftex.def Info: Hnede/07_fuga.png  used on input line 200.
(pdftex.def)             Requested size: 94.54497pt x 147.11278pt.

Underfull \hbox (badness 2165) in paragraph at lines 201--201
\T1/cmr/m/n/8 moşno po-u-şi´ aj proti kar-tám
 []


Underfull \hbox (badness 1694) in paragraph at lines 201--201
\T1/cmr/m/n/8 proti kar-tám Roz-t°í˛-tená kulka
 []

<Hnede/07_mira.png, id=63, 250.9375pt x 390.45876pt>
File: Hnede/07_mira.png Graphic file (type png)
<use Hnede/07_mira.png>
Package pdftex.def Info: Hnede/07_mira.png  used on input line 206.
(pdftex.def)             Requested size: 94.54497pt x 147.11278pt.

Underfull \hbox (badness 2582) in paragraph at lines 207--207
\T1/cmr/m/n/8 Łovi na do-strel odo-bra´ 2 şi-
 []

<Hnede/07_ritornodifiamma.png, id=64, 250.9375pt x 390.45876pt>
File: Hnede/07_ritornodifiamma.png Graphic file (type png)
<use Hnede/07_ritornodifiamma.png>
Package pdftex.def Info: Hnede/07_ritornodifiamma.png  used on input line 212.
(pdftex.def)             Requested size: 94.54497pt x 147.11278pt.

LaTeX Warning: `!h' float specifier changed to `!ht'.

<Hnede/07_salvo.png, id=65, 250.9375pt x 390.45876pt>
File: Hnede/07_salvo.png Graphic file (type png)
<use Hnede/07_salvo.png>
Package pdftex.def Info: Hnede/07_salvo.png  used on input line 221.
(pdftex.def)             Requested size: 94.54497pt x 147.11278pt.

Underfull \hbox (badness 2662) in paragraph at lines 222--222
\T1/cmr/m/n/8 za-brá-nite hrá-Łovi stra-ti´ 1 şi-
 []


Underfull \hbox (badness 2573) in paragraph at lines 222--222
\T1/cmr/m/n/8 vot. Ak tým za-chrá-nite hráŁa
 []

<Hnede/07_sventagliata.png, id=66, 250.9375pt x 390.45876pt>
File: Hnede/07_sventagliata.png Graphic file (type png)
<use Hnede/07_sventagliata.png>
Package pdftex.def Info: Hnede/07_sventagliata.png  used on input line 227.
(pdftex.def)             Requested size: 94.54497pt x 147.11278pt.

Underfull \hbox (badness 2073) in paragraph at lines 230--230
[]\T1/cmr/m/n/8 Obr. 2.26: |ÚŁin-kuje ako karta
 []

<Hnede/07_tomahawk.png, id=67, 250.9375pt x 390.45876pt>
File: Hnede/07_tomahawk.png Graphic file (type png)
<use Hnede/07_tomahawk.png>
Package pdftex.def Info: Hnede/07_tomahawk.png  used on input line 235.
(pdftex.def)             Requested size: 94.54497pt x 147.11278pt.
<Hnede/07_poker.png, id=68, 250.9375pt x 390.45876pt>
File: Hnede/07_poker.png Graphic file (type png)
<use Hnede/07_poker.png>
Package pdftex.def Info: Hnede/07_poker.png  used on input line 241.
(pdftex.def)             Requested size: 94.54497pt x 147.11278pt.

LaTeX Warning: `!h' float specifier changed to `!ht'.

<Hnede/07_ultimogiro.png, id=69, 250.9375pt x 390.45876pt>
File: Hnede/07_ultimogiro.png Graphic file (type png)
<use Hnede/07_ultimogiro.png>
Package pdftex.def Info: Hnede/07_ultimogiro.png  used on input line 249.
(pdftex.def)             Requested size: 94.54497pt x 147.11278pt.
<Hnede/33_TrainRobberyA.png, id=70, 250.9375pt x 390.45876pt>
File: Hnede/33_TrainRobberyA.png Graphic file (type png)
<use Hnede/33_TrainRobberyA.png>
Package pdftex.def Info: Hnede/33_TrainRobberyA.png  used on input line 255.
(pdftex.def)             Requested size: 94.54497pt x 147.11278pt.
<Hnede/34_Cactus.png, id=71, 250.9375pt x 390.45876pt>
File: Hnede/34_Cactus.png Graphic file (type png)
<use Hnede/34_Cactus.png>
Package pdftex.def Info: Hnede/34_Cactus.png  used on input line 261.
(pdftex.def)             Requested size: 94.54497pt x 147.11278pt.
<Hnede/35_Evaded.png, id=72, 250.9375pt x 390.45876pt>
File: Hnede/35_Evaded.png Graphic file (type png)
<use Hnede/35_Evaded.png>
Package pdftex.def Info: Hnede/35_Evaded.png  used on input line 267.
(pdftex.def)             Requested size: 94.54497pt x 147.11278pt.

Underfull \hbox (badness 1715) in paragraph at lines 268--268
\T1/cmr/m/n/8 proti kto-rej práve po-u-şil efekt
 []


LaTeX Warning: `!h' float specifier changed to `!ht'.

<Hnede/36_MostWanted.png, id=73, 250.9375pt x 390.45876pt>
File: Hnede/36_MostWanted.png Graphic file (type png)
<use Hnede/36_MostWanted.png>
Package pdftex.def Info: Hnede/36_MostWanted.png  used on input line 276.
(pdftex.def)             Requested size: 94.54497pt x 147.11278pt.

Underfull \hbox (badness 1009) in paragraph at lines 277--277
[]\T1/cmr/m/n/8 Obr. 2.33: |Kaşdý hráŁ vrá-tane
 []

<Hnede/38_MoneyBag.png, id=74, 250.9375pt x 390.45876pt>
File: Hnede/38_MoneyBag.png Graphic file (type png)
<use Hnede/38_MoneyBag.png>
Package pdftex.def Info: Hnede/38_MoneyBag.png  used on input line 281.
(pdftex.def)             Requested size: 94.54497pt x 147.11278pt.
<Hnede/37_KnifeRevolver.png, id=75, 250.9375pt x 390.45876pt>
File: Hnede/37_KnifeRevolver.png Graphic file (type png)
<use Hnede/37_KnifeRevolver.png>
Package pdftex.def Info: Hnede/37_KnifeRevolver.png  used on input line 286.
(pdftex.def)             Requested size: 94.54497pt x 147.11278pt.
<Hnede/31_Switch.png, id=76, 250.9375pt x 390.45876pt>
File: Hnede/31_Switch.png Graphic file (type png)
<use Hnede/31_Switch.png>
Package pdftex.def Info: Hnede/31_Switch.png  used on input line 291.
(pdftex.def)             Requested size: 94.54497pt x 147.11278pt.

LaTeX Warning: `!h' float specifier changed to `!ht'.

<Hnede/40_NextStopA.png, id=77, 250.9375pt x 390.45876pt>
File: Hnede/40_NextStopA.png Graphic file (type png)
<use Hnede/40_NextStopA.png>
Package pdftex.def Info: Hnede/40_NextStopA.png  used on input line 298.
(pdftex.def)             Requested size: 94.54497pt x 147.11278pt.
<Hnede/39_FullSteam.png, id=78, 250.9375pt x 390.45876pt>
File: Hnede/39_FullSteam.png Graphic file (type png)
<use Hnede/39_FullSteam.png>
Package pdftex.def Info: Hnede/39_FullSteam.png  used on input line 303.
(pdftex.def)             Requested size: 94.54497pt x 147.11278pt.
<Hnede/32_WaterTower.png, id=79, 250.9375pt x 390.45876pt>
File: Hnede/32_WaterTower.png Graphic file (type png)
<use Hnede/32_WaterTower.png>
Package pdftex.def Info: Hnede/32_WaterTower.png  used on input line 308.
(pdftex.def)             Requested size: 94.54497pt x 147.11278pt.

Underfull \hbox (badness 1874) in paragraph at lines 309--309
\T1/cmr/m/n/8 zís-kate 1 ©u-bo-vo©ný va-gón za-
 []


LaTeX Warning: `!h' float specifier changed to `!ht'.

) (modre.tex [4

 <./Hnede/01_bang.png> <./Hnede/01_mancato.png> <./Hnede/01_birra.png> <./Hnede/01_catbalou.png>] [5 <./Hnede/01_panico.png> <./Hnede/01_saloon.png> <./Hnede/01_duello.png> <./Hnede/01_gatling.png> <./Hnede/01_indiani.png> <./Hnede/01_diligenza.png> <./Hnede/01_wellsfargo.png> <./Hnede/01_emporio.png> <./Hnede/03_pugno.png> <./Hnede/03_schivata.png> <./Hnede/03_rissa.png> <./Hnede/03_rag_time.png>] [6 <./Hnede/03_springfield.png> <./Hnede/03_tequila.png> <./Hnede/03_whisky.png> <./Hnede/07_bandidos.png> <./Hnede/07_tornado.png> <./Hnede/07_fuga.png> <./Hnede/07_mira.png> <./Hnede/07_ritornodifiamma.png>] [7 <./Hnede/07_salvo.png> <./Hnede/07_sventagliata.png> <./Hnede/07_tomahawk.png> <./Hnede/07_poker.png> <./Hnede/07_ultimogiro.png> <./Hnede/33_TrainRobberyA.png (PNG copy)> <./Hnede/34_Cactus.png (PNG copy)> <./Hnede/35_Evaded.png (PNG copy)>] [8 <./Hnede/36_MostWanted.png (PNG copy)> <./Hnede/38_MoneyBag.png (PNG copy)> <./Hnede/37_KnifeRevolver.png (PNG copy)> <./Hnede/31_Switch.png (PNG copy)> <./Hnede/40_NextStopA.png> <./Hnede/39_FullSteam.png (PNG copy)> <./Hnede/32_WaterTower.png (PNG copy)>]
Kapitola 3.
Excluding 'comment' comment.
<Modre karty/01_barile.png, id=127, 250.9375pt x 390.45876pt>
File: Modre karty/01_barile.png Graphic file (type png)
<use Modre karty/01_barile.png>
Package pdftex.def Info: Modre karty/01_barile.png  used on input line 33.
(pdftex.def)             Requested size: 94.54497pt x 147.11278pt.
<Modre karty/01_dinamite.png, id=128, 250.9375pt x 390.45876pt>
File: Modre karty/01_dinamite.png Graphic file (type png)
<use Modre karty/01_dinamite.png>
Package pdftex.def Info: Modre karty/01_dinamite.png  used on input line 39.
(pdftex.def)             Requested size: 94.54497pt x 147.11278pt.
<Modre karty/01_prigione.png, id=129, 250.9375pt x 390.45876pt>
File: Modre karty/01_prigione.png Graphic file (type png)
<use Modre karty/01_prigione.png>
Package pdftex.def Info: Modre karty/01_prigione.png  used on input line 45.
(pdftex.def)             Requested size: 94.54497pt x 147.11278pt.
<Modre karty/07_serpenteasonagli.png, id=130, 250.9375pt x 390.45876pt>
File: Modre karty/07_serpenteasonagli.png Graphic file (type png)
<use Modre karty/07_serpenteasonagli.png>
Package pdftex.def Info: Modre karty/07_serpenteasonagli.png  used on input line 51.
(pdftex.def)             Requested size: 94.54497pt x 147.11278pt.
<Modre karty/01_volcanic.png, id=131, 250.9375pt x 390.45876pt>
File: Modre karty/01_volcanic.png Graphic file (type png)
<use Modre karty/01_volcanic.png>
Package pdftex.def Info: Modre karty/01_volcanic.png  used on input line 59.
(pdftex.def)             Requested size: 94.54497pt x 147.11278pt.

Underfull \hbox (badness 3049) in paragraph at lines 60--60
[]\T1/cmr/m/n/8 Obr. 3.5: |HráŁ môşe za svoj
 []

<Modre karty/07_shotgun.png, id=132, 250.9375pt x 390.45876pt>
File: Modre karty/07_shotgun.png Graphic file (type png)
<use Modre karty/07_shotgun.png>
Package pdftex.def Info: Modre karty/07_shotgun.png  used on input line 65.
(pdftex.def)             Requested size: 94.54497pt x 147.11278pt.
<Modre karty/07_lemat.png, id=133, 250.9375pt x 390.45876pt>
File: Modre karty/07_lemat.png Graphic file (type png)
<use Modre karty/07_lemat.png>
Package pdftex.def Info: Modre karty/07_lemat.png  used on input line 71.
(pdftex.def)             Requested size: 94.54497pt x 147.11278pt.
<Modre karty/01_schofield.png, id=134, 250.9375pt x 390.45876pt>
File: Modre karty/01_schofield.png Graphic file (type png)
<use Modre karty/01_schofield.png>
Package pdftex.def Info: Modre karty/01_schofield.png  used on input line 77.
(pdftex.def)             Requested size: 94.54497pt x 147.11278pt.
<Modre karty/01_remington.png, id=135, 250.9375pt x 390.45876pt>
File: Modre karty/01_remington.png Graphic file (type png)
<use Modre karty/01_remington.png>
Package pdftex.def Info: Modre karty/01_remington.png  used on input line 85.
(pdftex.def)             Requested size: 94.54497pt x 147.11278pt.
<Modre karty/01_carabine.png, id=136, 250.9375pt x 390.45876pt>
File: Modre karty/01_carabine.png Graphic file (type png)
<use Modre karty/01_carabine.png>
Package pdftex.def Info: Modre karty/01_carabine.png  used on input line 91.
(pdftex.def)             Requested size: 94.54497pt x 147.11278pt.
<Modre karty/01_winchester.png, id=137, 250.9375pt x 390.45876pt>
File: Modre karty/01_winchester.png Graphic file (type png)
<use Modre karty/01_winchester.png>
Package pdftex.def Info: Modre karty/01_winchester.png  used on input line 97.
(pdftex.def)             Requested size: 94.54497pt x 147.11278pt.
<Modre karty/27_Dragoon.png, id=138, 250.9375pt x 390.45876pt>
File: Modre karty/27_Dragoon.png Graphic file (type png)
<use Modre karty/27_Dragoon.png>
Package pdftex.def Info: Modre karty/27_Dragoon.png  used on input line 103.
(pdftex.def)             Requested size: 94.54497pt x 147.11278pt.

LaTeX Warning: `!h' float specifier changed to `!ht'.

<Modre karty/01_mustang.png, id=139, 250.9375pt x 390.45876pt>
File: Modre karty/01_mustang.png Graphic file (type png)
<use Modre karty/01_mustang.png>
Package pdftex.def Info: Modre karty/01_mustang.png  used on input line 111.
(pdftex.def)             Requested size: 94.54497pt x 147.11278pt.
<Modre karty/Appaloosa.jpg, id=140, 1464.47125pt x 2421.045pt>
File: Modre karty/Appaloosa.jpg Graphic file (type jpg)
<use Modre karty/Appaloosa.jpg>
Package pdftex.def Info: Modre karty/Appaloosa.jpg  used on input line 117.
(pdftex.def)             Requested size: 86.66472pt x 143.26155pt.
<Modre karty/Silver.jpg, id=141, 1733.47626pt x 2788.4175pt>
File: Modre karty/Silver.jpg Graphic file (type jpg)
<use Modre karty/Silver.jpg>
Package pdftex.def Info: Modre karty/Silver.jpg  used on input line 123.
(pdftex.def)             Requested size: 88.63628pt x 142.57758pt.
<Modre karty/03_riparo.png, id=142, 250.9375pt x 390.45876pt>
File: Modre karty/03_riparo.png Graphic file (type png)
<use Modre karty/03_riparo.png>
Package pdftex.def Info: Modre karty/03_riparo.png  used on input line 129.
(pdftex.def)             Requested size: 94.54497pt x 147.11278pt.

LaTeX Warning: `!h' float specifier changed to `!ht'.

<Modre karty/30_Refund.png, id=143, 250.9375pt x 390.45876pt>
File: Modre karty/30_Refund.png Graphic file (type png)
<use Modre karty/30_Refund.png>
Package pdftex.def Info: Modre karty/30_Refund.png  used on input line 137.
(pdftex.def)             Requested size: 94.54497pt x 147.11278pt.

Underfull \hbox (badness 1715) in paragraph at lines 138--138
\T1/cmr/m/n/8 odo-be-rie alebo od-hodí kartu z
 []

<Modre karty/07_taglia.png, id=144, 250.9375pt x 390.45876pt>
File: Modre karty/07_taglia.png Graphic file (type png)
<use Modre karty/07_taglia.png>
Package pdftex.def Info: Modre karty/07_taglia.png  used on input line 143.
(pdftex.def)             Requested size: 94.54497pt x 147.11278pt.
<Modre karty/28_Strongbox.png, id=145, 250.9375pt x 390.45876pt>
File: Modre karty/28_Strongbox.png Graphic file (type png)
<use Modre karty/28_Strongbox.png>
Package pdftex.def Info: Modre karty/28_Strongbox.png  used on input line 149.
(pdftex.def)             Requested size: 94.54497pt x 147.11278pt.
<Modre karty/29_Map.png, id=146, 250.9375pt x 390.45876pt>
File: Modre karty/29_Map.png Graphic file (type png)
<use Modre karty/29_Map.png>
Package pdftex.def Info: Modre karty/29_Map.png  used on input line 155.
(pdftex.def)             Requested size: 94.54497pt x 147.11278pt.

LaTeX Warning: `!h' float specifier changed to `!ht'.

<Modre karty/07_fantasma.png, id=147, 250.9375pt x 390.45876pt>
File: Modre karty/07_fantasma.png Graphic file (type png)
<use Modre karty/07_fantasma.png>
Package pdftex.def Info: Modre karty/07_fantasma.png  used on input line 164.
(pdftex.def)             Requested size: 94.54497pt x 147.11278pt.

Underfull \hbox (badness 2922) in paragraph at lines 171--171
\T1/cmr/m/n/8 ©u-bo-vo©-ného vy-ra-de-ného hráŁa.
 []


Underfull \hbox (badness 1052) in paragraph at lines 171--171
\T1/cmr/m/n/8 HráŁ sa tým pá-dom vra-cia do
 []


LaTeX Warning: `!h' float specifier changed to `!ht'.

) (zelene.tex [9

 <./Modre karty/01_barile.png> <./Modre karty/01_dinamite.png> <./Modre karty/01_prigione.png> <./Modre karty/07_serpenteasonagli.png> <./Modre karty/01_volcanic.png> <./Modre karty/07_shotgun.png> <./Modre karty/07_lemat.png> <./Modre karty/01_schofield.png>] [10 <./Modre karty/01_remington.png> <./Modre karty/01_carabine.png> <./Modre karty/01_winchester.png> <./Modre karty/27_Dragoon.png (PNG copy)> <./Modre karty/01_mustang.png> <./Modre karty/Appaloosa.jpg> <./Modre karty/Silver.jpg> <./Modre karty/03_riparo.png> <./Modre karty/30_Refund.png (PNG copy)> <./Modre karty/07_taglia.png> <./Modre karty/28_Strongbox.png (PNG copy)> <./Modre karty/29_Map.png (PNG copy)>] [11 <./Modre karty/07_fantasma.png>]
Kapitola 4.
Excluding 'comment' comment.
<Zelene/03_bibbia.png, id=172, 250.9375pt x 390.45876pt>
File: Zelene/03_bibbia.png Graphic file (type png)
<use Zelene/03_bibbia.png>
Package pdftex.def Info: Zelene/03_bibbia.png  used on input line 33.
(pdftex.def)             Requested size: 94.54497pt x 147.11278pt.
<Zelene/03_borraccia.png, id=173, 250.9375pt x 390.45876pt>
File: Zelene/03_borraccia.png Graphic file (type png)
<use Zelene/03_borraccia.png>
Package pdftex.def Info: Zelene/03_borraccia.png  used on input line 38.
(pdftex.def)             Requested size: 94.54497pt x 147.11278pt.
<Zelene/03_fucile_da_caccia.png, id=174, 250.9375pt x 390.45876pt>
File: Zelene/03_fucile_da_caccia.png Graphic file (type png)
<use Zelene/03_fucile_da_caccia.png>
Package pdftex.def Info: Zelene/03_fucile_da_caccia.png  used on input line 44.
(pdftex.def)             Requested size: 94.54497pt x 147.11278pt.
<Zelene/03_cappello.png, id=175, 250.9375pt x 390.45876pt>
File: Zelene/03_cappello.png Graphic file (type png)
<use Zelene/03_cappello.png>
Package pdftex.def Info: Zelene/03_cappello.png  used on input line 50.
(pdftex.def)             Requested size: 94.54497pt x 147.11278pt.
<Zelene/03_conestoga.png, id=176, 250.9375pt x 390.45876pt>
File: Zelene/03_conestoga.png Graphic file (type png)
<use Zelene/03_conestoga.png>
Package pdftex.def Info: Zelene/03_conestoga.png  used on input line 58.
(pdftex.def)             Requested size: 94.54497pt x 147.11278pt.
<Zelene/03_derringer.png, id=177, 250.9375pt x 390.45876pt>
File: Zelene/03_derringer.png Graphic file (type png)
<use Zelene/03_derringer.png>
Package pdftex.def Info: Zelene/03_derringer.png  used on input line 64.
(pdftex.def)             Requested size: 94.54497pt x 147.11278pt.
<Zelene/03_can_can.png, id=178, 250.9375pt x 390.45876pt>
File: Zelene/03_can_can.png Graphic file (type png)
<use Zelene/03_can_can.png>
Package pdftex.def Info: Zelene/03_can_can.png  used on input line 70.
(pdftex.def)             Requested size: 94.54497pt x 147.11278pt.
<Zelene/03_howitzer.png, id=179, 250.9375pt x 390.45876pt>
File: Zelene/03_howitzer.png Graphic file (type png)
<use Zelene/03_howitzer.png>
Package pdftex.def Info: Zelene/03_howitzer.png  used on input line 76.
(pdftex.def)             Requested size: 94.54497pt x 147.11278pt.
<Zelene/03_pepperbox.png, id=180, 250.9375pt x 390.45876pt>
File: Zelene/03_pepperbox.png Graphic file (type png)
<use Zelene/03_pepperbox.png>
Package pdftex.def Info: Zelene/03_pepperbox.png  used on input line 84.
(pdftex.def)             Requested size: 94.54497pt x 147.11278pt.
<Zelene/03_placca_di_ferro.png, id=181, 250.9375pt x 390.45876pt>
File: Zelene/03_placca_di_ferro.png Graphic file (type png)
<use Zelene/03_placca_di_ferro.png>
Package pdftex.def Info: Zelene/03_placca_di_ferro.png  used on input line 90.
(pdftex.def)             Requested size: 94.54497pt x 147.11278pt.
<Zelene/03_pony_express.png, id=182, 250.9375pt x 390.45876pt>
File: Zelene/03_pony_express.png Graphic file (type png)
<use Zelene/03_pony_express.png>
Package pdftex.def Info: Zelene/03_pony_express.png  used on input line 96.
(pdftex.def)             Requested size: 94.54497pt x 147.11278pt.

Underfull \hbox (badness 1484) in paragraph at lines 97--97
[]\T1/cmr/m/n/8 Obr. 4.11: |HráŁ si po-tiahne 3
 []

<Zelene/03_pugnale.png, id=183, 250.9375pt x 390.45876pt>
File: Zelene/03_pugnale.png Graphic file (type png)
<use Zelene/03_pugnale.png>
Package pdftex.def Info: Zelene/03_pugnale.png  used on input line 102.
(pdftex.def)             Requested size: 94.54497pt x 147.11278pt.

LaTeX Warning: `!h' float specifier changed to `!ht'.

<Zelene/03_sombrero.png, id=184, 250.9375pt x 390.45876pt>
File: Zelene/03_sombrero.png Graphic file (type png)
<use Zelene/03_sombrero.png>
Package pdftex.def Info: Zelene/03_sombrero.png  used on input line 110.
(pdftex.def)             Requested size: 94.54497pt x 147.11278pt.

LaTeX Warning: `!h' float specifier changed to `!ht'.

) (postavy.tex [12

 <./Zelene/03_bibbia.png> <./Zelene/03_borraccia.png> <./Zelene/03_fucile_da_caccia.png> <./Zelene/03_cappello.png> <./Zelene/03_conestoga.png> <./Zelene/03_derringer.png> <./Zelene/03_can_can.png> <./Zelene/03_howitzer.png>] [13 <./Zelene/03_pepperbox.png> <./Zelene/03_placca_di_ferro.png> <./Zelene/03_pony_express.png> <./Zelene/03_pugnale.png> <./Zelene/03_sombrero.png>]
Kapitola 5.
Excluding 'comment' comment.
<postavy/01_bartcassidy.png, id=205, 250.9375pt x 390.45876pt>
File: postavy/01_bartcassidy.png Graphic file (type png)
<use postavy/01_bartcassidy.png>
Package pdftex.def Info: postavy/01_bartcassidy.png  used on input line 32.
(pdftex.def)             Requested size: 94.54497pt x 147.11278pt.
<postavy/01_blackjack.png, id=206, 250.9375pt x 390.45876pt>
File: postavy/01_blackjack.png Graphic file (type png)
<use postavy/01_blackjack.png>
Package pdftex.def Info: postavy/01_blackjack.png  used on input line 38.
(pdftex.def)             Requested size: 94.54497pt x 147.11278pt.
<postavy/01_calamityjanet.png, id=207, 250.9375pt x 390.45876pt>
File: postavy/01_calamityjanet.png Graphic file (type png)
<use postavy/01_calamityjanet.png>
Package pdftex.def Info: postavy/01_calamityjanet.png  used on input line 44.
(pdftex.def)             Requested size: 94.54497pt x 147.11278pt.
<postavy/01_elgringo.png, id=208, 250.9375pt x 390.45876pt>
File: postavy/01_elgringo.png Graphic file (type png)
<use postavy/01_elgringo.png>
Package pdftex.def Info: postavy/01_elgringo.png  used on input line 50.
(pdftex.def)             Requested size: 94.54497pt x 147.11278pt.

Underfull \hbox (badness 1112) in paragraph at lines 51--51
\T1/cmr/m/n/8 hráŁ uş nemá şiadne karty na
 []

<postavy/01_jessejones.png, id=209, 250.9375pt x 390.45876pt>
File: postavy/01_jessejones.png Graphic file (type png)
<use postavy/01_jessejones.png>
Package pdftex.def Info: postavy/01_jessejones.png  used on input line 57.
(pdftex.def)             Requested size: 94.54497pt x 147.11278pt.
<postavy/01_jourdonnais.png, id=210, 250.9375pt x 390.45876pt>
File: postavy/01_jourdonnais.png Graphic file (type png)
<use postavy/01_jourdonnais.png>
Package pdftex.def Info: postavy/01_jourdonnais.png  used on input line 63.
(pdftex.def)             Requested size: 94.54497pt x 147.11278pt.
<postavy/01_kitcarlson.png, id=211, 250.9375pt x 390.45876pt>
File: postavy/01_kitcarlson.png Graphic file (type png)
<use postavy/01_kitcarlson.png>
Package pdftex.def Info: postavy/01_kitcarlson.png  used on input line 69.
(pdftex.def)             Requested size: 94.54497pt x 147.11278pt.
<postavy/01_luckyduke.png, id=212, 250.9375pt x 390.45876pt>
File: postavy/01_luckyduke.png Graphic file (type png)
<use postavy/01_luckyduke.png>
Package pdftex.def Info: postavy/01_luckyduke.png  used on input line 75.
(pdftex.def)             Requested size: 94.54497pt x 147.11278pt.

Underfull \hbox (badness 1014) in paragraph at lines 76--76
[]\T1/cmr/m/n/8 Obr. 5.8: |Môşe ´a-ha´ na efekt
 []

<postavy/01_paulregret.png, id=213, 250.9375pt x 390.45876pt>
File: postavy/01_paulregret.png Graphic file (type png)
<use postavy/01_paulregret.png>
Package pdftex.def Info: postavy/01_paulregret.png  used on input line 83.
(pdftex.def)             Requested size: 94.54497pt x 147.11278pt.
<postavy/01_pedroramirez.png, id=214, 250.9375pt x 390.45876pt>
File: postavy/01_pedroramirez.png Graphic file (type png)
<use postavy/01_pedroramirez.png>
Package pdftex.def Info: postavy/01_pedroramirez.png  used on input line 89.
(pdftex.def)             Requested size: 94.54497pt x 147.11278pt.
<postavy/01_rosedoolan.png, id=215, 250.9375pt x 390.45876pt>
File: postavy/01_rosedoolan.png Graphic file (type png)
<use postavy/01_rosedoolan.png>
Package pdftex.def Info: postavy/01_rosedoolan.png  used on input line 95.
(pdftex.def)             Requested size: 94.54497pt x 147.11278pt.
<postavy/01_sidketchum.png, id=216, 250.9375pt x 390.45876pt>
File: postavy/01_sidketchum.png Graphic file (type png)
<use postavy/01_sidketchum.png>
Package pdftex.def Info: postavy/01_sidketchum.png  used on input line 101.
(pdftex.def)             Requested size: 94.54497pt x 147.11278pt.

LaTeX Warning: `!h' float specifier changed to `!ht'.

<postavy/01_slab.png, id=217, 250.9375pt x 390.45876pt>
File: postavy/01_slab.png Graphic file (type png)
<use postavy/01_slab.png>
Package pdftex.def Info: postavy/01_slab.png  used on input line 109.
(pdftex.def)             Requested size: 94.54497pt x 147.11278pt.

Underfull \hbox (badness 1681) in paragraph at lines 110--110
\T1/cmr/m/n/8 po-tre-buje cie© 2 efekty Vedle!;
 []

<postavy/01_suzylafayette.png, id=218, 250.9375pt x 390.45876pt>
File: postavy/01_suzylafayette.png Graphic file (type png)
<use postavy/01_suzylafayette.png>
Package pdftex.def Info: postavy/01_suzylafayette.png  used on input line 115.
(pdftex.def)             Requested size: 94.54497pt x 147.11278pt.
<postavy/01_vulturesam.png, id=219, 250.9375pt x 390.45876pt>
File: postavy/01_vulturesam.png Graphic file (type png)
<use postavy/01_vulturesam.png>
Package pdftex.def Info: postavy/01_vulturesam.png  used on input line 121.
(pdftex.def)             Requested size: 94.54497pt x 147.11278pt.
<postavy/01_willythekid.png, id=220, 250.9375pt x 390.45876pt>
File: postavy/01_willythekid.png Graphic file (type png)
<use postavy/01_willythekid.png>
Package pdftex.def Info: postavy/01_willythekid.png  used on input line 127.
(pdftex.def)             Requested size: 94.54497pt x 147.11278pt.

LaTeX Warning: `!h' float specifier changed to `!ht'.

<postavy/03_apache_kid.png, id=221, 250.9375pt x 390.45876pt>
File: postavy/03_apache_kid.png Graphic file (type png)
<use postavy/03_apache_kid.png>
Package pdftex.def Info: postavy/03_apache_kid.png  used on input line 135.
(pdftex.def)             Requested size: 94.54497pt x 147.11278pt.

Underfull \hbox (badness 2600) in paragraph at lines 136--136
\T1/cmr/m/n/8 ká-rové (dia-man-tové) karty. Pri
 []


Underfull \hbox (badness 3250) in paragraph at lines 136--136
\T1/cmr/m/n/8 kar-tách (Rag time, Spring-field
 []

<postavy/03_belle_star.png, id=222, 250.9375pt x 390.45876pt>
File: postavy/03_belle_star.png Graphic file (type png)
<use postavy/03_belle_star.png>
Package pdftex.def Info: postavy/03_belle_star.png  used on input line 141.
(pdftex.def)             Requested size: 94.54497pt x 147.11278pt.
<postavy/03_bill_noface.png, id=223, 250.9375pt x 390.45876pt>
File: postavy/03_bill_noface.png Graphic file (type png)
<use postavy/03_bill_noface.png>
Package pdftex.def Info: postavy/03_bill_noface.png  used on input line 147.
(pdftex.def)             Requested size: 94.54497pt x 147.11278pt.
<postavy/03_chuck_wengam.png, id=224, 250.9375pt x 390.45876pt>
File: postavy/03_chuck_wengam.png Graphic file (type png)
<use postavy/03_chuck_wengam.png>
Package pdftex.def Info: postavy/03_chuck_wengam.png  used on input line 153.
(pdftex.def)             Requested size: 94.54497pt x 147.11278pt.

LaTeX Warning: `!h' float specifier changed to `!ht'.

<postavy/03_doc_holyday.png, id=225, 250.9375pt x 390.45876pt>
File: postavy/03_doc_holyday.png Graphic file (type png)
<use postavy/03_doc_holyday.png>
Package pdftex.def Info: postavy/03_doc_holyday.png  used on input line 161.
(pdftex.def)             Requested size: 94.54497pt x 147.11278pt.
<postavy/03_elena_fuente.png, id=226, 250.9375pt x 390.45876pt>
File: postavy/03_elena_fuente.png Graphic file (type png)
<use postavy/03_elena_fuente.png>
Package pdftex.def Info: postavy/03_elena_fuente.png  used on input line 167.
(pdftex.def)             Requested size: 94.54497pt x 147.11278pt.
<postavy/03_greg_digger.png, id=227, 250.9375pt x 390.45876pt>
File: postavy/03_greg_digger.png Graphic file (type png)
<use postavy/03_greg_digger.png>
Package pdftex.def Info: postavy/03_greg_digger.png  used on input line 173.
(pdftex.def)             Requested size: 94.54497pt x 147.11278pt.
<postavy/03_herb_hunter.png, id=228, 250.9375pt x 390.45876pt>
File: postavy/03_herb_hunter.png Graphic file (type png)
<use postavy/03_herb_hunter.png>
Package pdftex.def Info: postavy/03_herb_hunter.png  used on input line 179.
(pdftex.def)             Requested size: 94.54497pt x 147.11278pt.

LaTeX Warning: `!h' float specifier changed to `!ht'.

<postavy/03_jose_delgado.png, id=229, 250.9375pt x 390.45876pt>
File: postavy/03_jose_delgado.png Graphic file (type png)
<use postavy/03_jose_delgado.png>
Package pdftex.def Info: postavy/03_jose_delgado.png  used on input line 187.
(pdftex.def)             Requested size: 94.54497pt x 147.11278pt.
<postavy/03_molly_stark.png, id=230, 250.9375pt x 390.45876pt>
File: postavy/03_molly_stark.png Graphic file (type png)
<use postavy/03_molly_stark.png>
Package pdftex.def Info: postavy/03_molly_stark.png  used on input line 193.
(pdftex.def)             Requested size: 94.54497pt x 147.11278pt.

Underfull \hbox (badness 1546) in paragraph at lines 194--194
\T1/cmr/m/n/8 Du-eli si po-tiahne to©ko ka-riet,
 []

<postavy/03_pat_brennan.png, id=231, 250.9375pt x 390.45876pt>
File: postavy/03_pat_brennan.png Graphic file (type png)
<use postavy/03_pat_brennan.png>
Package pdftex.def Info: postavy/03_pat_brennan.png  used on input line 199.
(pdftex.def)             Requested size: 94.54497pt x 147.11278pt.
<postavy/03_pixie_pete.png, id=232, 250.9375pt x 390.45876pt>
File: postavy/03_pixie_pete.png Graphic file (type png)
<use postavy/03_pixie_pete.png>
Package pdftex.def Info: postavy/03_pixie_pete.png  used on input line 205.
(pdftex.def)             Requested size: 94.54497pt x 147.11278pt.

LaTeX Warning: `!h' float specifier changed to `!ht'.

<postavy/03_sean_mallory.png, id=233, 250.9375pt x 390.45876pt>
File: postavy/03_sean_mallory.png Graphic file (type png)
<use postavy/03_sean_mallory.png>
Package pdftex.def Info: postavy/03_sean_mallory.png  used on input line 213.
(pdftex.def)             Requested size: 94.54497pt x 147.11278pt.
<postavy/03_tequila_joe.png, id=234, 250.9375pt x 390.45876pt>
File: postavy/03_tequila_joe.png Graphic file (type png)
<use postavy/03_tequila_joe.png>
Package pdftex.def Info: postavy/03_tequila_joe.png  used on input line 219.
(pdftex.def)             Requested size: 94.54497pt x 147.11278pt.
<postavy/03_vera_custer.png, id=235, 250.9375pt x 390.45876pt>
File: postavy/03_vera_custer.png Graphic file (type png)
<use postavy/03_vera_custer.png>
Package pdftex.def Info: postavy/03_vera_custer.png  used on input line 225.
(pdftex.def)             Requested size: 94.54497pt x 147.11278pt.

Underfull \hbox (badness 1789) in paragraph at lines 226--226
[]\T1/cmr/m/n/8 Obr. 5.31: |Na za-Łiatku svojho
 []

<postavy/04_madame_yto.png, id=236, 252.945pt x 390.45876pt>
File: postavy/04_madame_yto.png Graphic file (type png)
<use postavy/04_madame_yto.png>
Package pdftex.def Info: postavy/04_madame_yto.png  used on input line 231.
(pdftex.def)             Requested size: 94.54497pt x 145.94504pt.

LaTeX Warning: `!h' float specifier changed to `!ht'.

<postavy/04_don_bell.png, id=237, 252.945pt x 390.45876pt>
File: postavy/04_don_bell.png Graphic file (type png)
<use postavy/04_don_bell.png>
Package pdftex.def Info: postavy/04_don_bell.png  used on input line 239.
(pdftex.def)             Requested size: 94.54497pt x 145.94504pt.
<postavy/06_bigspencer.png, id=238, 250.9375pt x 390.45876pt>
File: postavy/06_bigspencer.png Graphic file (type png)
<use postavy/06_bigspencer.png>
Package pdftex.def Info: postavy/06_bigspencer.png  used on input line 245.
(pdftex.def)             Requested size: 94.54497pt x 147.11278pt.
<postavy/06_youlgrinner.png, id=239, 250.9375pt x 390.45876pt>
File: postavy/06_youlgrinner.png Graphic file (type png)
<use postavy/06_youlgrinner.png>
Package pdftex.def Info: postavy/06_youlgrinner.png  used on input line 251.
(pdftex.def)             Requested size: 94.54497pt x 147.11278pt.
<postavy/06_greygorydeck.png, id=240, 250.9375pt x 390.45876pt>
File: postavy/06_greygorydeck.png Graphic file (type png)
<use postavy/06_greygorydeck.png>
Package pdftex.def Info: postavy/06_greygorydeck.png  used on input line 257.
(pdftex.def)             Requested size: 94.54497pt x 147.11278pt.

Underfull \hbox (badness 1297) in paragraph at lines 258--258
\T1/cmr/m/n/8 po-stavy ne-smú by´ v hre. Má
 []


LaTeX Warning: `!h' float specifier changed to `!ht'.

<postavy/06_leevankliff.png, id=241, 250.9375pt x 390.45876pt>
File: postavy/06_leevankliff.png Graphic file (type png)
<use postavy/06_leevankliff.png>
Package pdftex.def Info: postavy/06_leevankliff.png  used on input line 266.
(pdftex.def)             Requested size: 94.54497pt x 147.11278pt.

Underfull \hbox (badness 1132) in paragraph at lines 267--267
\T1/cmr/m/n/8 ko-val efekt hne-dej karty, ktorú
 []


Underfull \hbox (badness 1577) in paragraph at lines 267--267
\T1/cmr/m/n/8 raz. Pri po-su-dzo-vaní in-te-rak-cií,
 []

<postavy/06_garylooter.png, id=242, 250.9375pt x 390.45876pt>
File: postavy/06_garylooter.png Graphic file (type png)
<use postavy/06_garylooter.png>
Package pdftex.def Info: postavy/06_garylooter.png  used on input line 272.
(pdftex.def)             Requested size: 94.54497pt x 147.11278pt.
<postavy/06_terenkill.png, id=243, 250.9375pt x 390.45876pt>
File: postavy/06_terenkill.png Graphic file (type png)
<use postavy/06_terenkill.png>
Package pdftex.def Info: postavy/06_terenkill.png  used on input line 278.
(pdftex.def)             Requested size: 94.54497pt x 147.11278pt.
<postavy/06_flintwestwood.png, id=244, 250.9375pt x 390.45876pt>
File: postavy/06_flintwestwood.png Graphic file (type png)
<use postavy/06_flintwestwood.png>
Package pdftex.def Info: postavy/06_flintwestwood.png  used on input line 284.
(pdftex.def)             Requested size: 94.54497pt x 147.11278pt.

LaTeX Warning: `!h' float specifier changed to `!ht'.

<postavy/06_johnpain.png, id=245, 250.9375pt x 390.45876pt>
File: postavy/06_johnpain.png Graphic file (type png)
<use postavy/06_johnpain.png>
Package pdftex.def Info: postavy/06_johnpain.png  used on input line 292.
(pdftex.def)             Requested size: 94.54497pt x 147.11278pt.
<postavy/07_henryblock.png, id=246, 250.9375pt x 390.45876pt>
File: postavy/07_henryblock.png Graphic file (type png)
<use postavy/07_henryblock.png>
Package pdftex.def Info: postavy/07_henryblock.png  used on input line 298.
(pdftex.def)             Requested size: 94.54497pt x 147.11278pt.

Underfull \hbox (badness 1721) in paragraph at lines 301--301
\T1/cmr/m/n/8 alebo od-hodí kartu z Hen-ryho
 []

<postavy/07_coloradobill.png, id=247, 250.9375pt x 390.45876pt>
File: postavy/07_coloradobill.png Graphic file (type png)
<use postavy/07_coloradobill.png>
Package pdftex.def Info: postavy/07_coloradobill.png  used on input line 306.
(pdftex.def)             Requested size: 94.54497pt x 147.11278pt.

Underfull \hbox (badness 1102) in paragraph at lines 307--307
\T1/cmr/m/n/8 pri iných efek-toch Bang! alebo
 []


Underfull \hbox (badness 4181) in paragraph at lines 307--307
\T1/cmr/m/n/8 Vedle!. Ak sa jeho schop-nos´
 []


Underfull \hbox (badness 3439) in paragraph at lines 307--307
\T1/cmr/m/n/8 úspe˛ne vy-hod-notí, proti tejto
 []

<postavy/07_mickdefender.png, id=248, 250.9375pt x 390.45876pt>
File: postavy/07_mickdefender.png Graphic file (type png)
<use postavy/07_mickdefender.png>
Package pdftex.def Info: postavy/07_mickdefender.png  used on input line 312.
(pdftex.def)             Requested size: 94.54497pt x 147.11278pt.

LaTeX Warning: `!h' float specifier changed to `!ht'.

<postavy/07_lemonadejim.png, id=249, 250.9375pt x 390.45876pt>
File: postavy/07_lemonadejim.png Graphic file (type png)
<use postavy/07_lemonadejim.png>
Package pdftex.def Info: postavy/07_lemonadejim.png  used on input line 325.
(pdftex.def)             Requested size: 94.54497pt x 147.11278pt.
<postavy/07_evelynshebang.png, id=250, 250.9375pt x 390.45876pt>
File: postavy/07_evelynshebang.png Graphic file (type png)
<use postavy/07_evelynshebang.png>
Package pdftex.def Info: postavy/07_evelynshebang.png  used on input line 331.
(pdftex.def)             Requested size: 94.54497pt x 147.11278pt.
<postavy/bonus-johnny-kisch.png, id=251, 231.86626pt x 360.34625pt>
File: postavy/bonus-johnny-kisch.png Graphic file (type png)
<use postavy/bonus-johnny-kisch.png>
Package pdftex.def Info: postavy/bonus-johnny-kisch.png  used on input line 337.
(pdftex.def)             Requested size: 94.54497pt x 146.93465pt.
<postavy/bonus-ClausTheSaint.png, id=252, 250.9375pt x 390.45876pt>
File: postavy/bonus-ClausTheSaint.png Graphic file (type png)
<use postavy/bonus-ClausTheSaint.png>
Package pdftex.def Info: postavy/bonus-ClausTheSaint.png  used on input line 343.
(pdftex.def)             Requested size: 94.54497pt x 147.11278pt.

LaTeX Warning: `!h' float specifier changed to `!ht'.

<postavy/bonus-UncleWill.png, id=253, 250.9375pt x 390.45876pt>
File: postavy/bonus-UncleWill.png Graphic file (type png)
<use postavy/bonus-UncleWill.png>
Package pdftex.def Info: postavy/bonus-UncleWill.png  used on input line 364.
(pdftex.def)             Requested size: 94.54497pt x 147.11278pt.
<postavy/25_SgtBlaze.png, id=254, 250.9375pt x 390.45876pt>
File: postavy/25_SgtBlaze.png Graphic file (type png)
<use postavy/25_SgtBlaze.png>
Package pdftex.def Info: postavy/25_SgtBlaze.png  used on input line 369.
(pdftex.def)             Requested size: 94.54497pt x 147.11278pt.

Underfull \hbox (badness 2772) in paragraph at lines 370--370
[]\T1/cmr/m/n/8 Obr. 5.52: |Ke¤ za-hráte kartu
 []

<postavy/26_ZippyRoy.png, id=255, 250.9375pt x 390.45876pt>
File: postavy/26_ZippyRoy.png Graphic file (type png)
<use postavy/26_ZippyRoy.png>
Package pdftex.def Info: postavy/26_ZippyRoy.png  used on input line 374.
(pdftex.def)             Requested size: 94.54497pt x 147.11278pt.
<postavy/24_ShadeOConnor.png, id=256, 250.9375pt x 390.45876pt>
File: postavy/24_ShadeOConnor.png Graphic file (type png)
<use postavy/24_ShadeOConnor.png>
Package pdftex.def Info: postavy/24_ShadeOConnor.png  used on input line 379.
(pdftex.def)             Requested size: 94.54497pt x 147.11278pt.

LaTeX Warning: `!h' float specifier changed to `!ht'.

<postavy/04_dutch_will.png, id=257, 252.945pt x 390.45876pt>
File: postavy/04_dutch_will.png Graphic file (type png)
<use postavy/04_dutch_will.png>
Package pdftex.def Info: postavy/04_dutch_will.png  used on input line 386.
(pdftex.def)             Requested size: 94.54497pt x 145.94504pt.
<postavy/04_jacky_murieta.png, id=258, 252.945pt x 390.45876pt>
File: postavy/04_jacky_murieta.png Graphic file (type png)
<use postavy/04_jacky_murieta.png>
Package pdftex.def Info: postavy/04_jacky_murieta.png  used on input line 391.
(pdftex.def)             Requested size: 94.54497pt x 145.94504pt.
<postavy/04_josh_mccloud.png, id=259, 252.945pt x 390.45876pt>
File: postavy/04_josh_mccloud.png Graphic file (type png)
<use postavy/04_josh_mccloud.png>
Package pdftex.def Info: postavy/04_josh_mccloud.png  used on input line 396.
(pdftex.def)             Requested size: 94.54497pt x 145.94504pt.
<postavy/04_pretty_luzena.png, id=260, 252.945pt x 390.45876pt>
File: postavy/04_pretty_luzena.png Graphic file (type png)
<use postavy/04_pretty_luzena.png>
Package pdftex.def Info: postavy/04_pretty_luzena.png  used on input line 401.
(pdftex.def)             Requested size: 94.54497pt x 145.94504pt.

LaTeX Warning: `!h' float specifier changed to `!ht'.

<postavy/04_raddie_snake.png, id=261, 252.945pt x 390.45876pt>
File: postavy/04_raddie_snake.png Graphic file (type png)
<use postavy/04_raddie_snake.png>
Package pdftex.def Info: postavy/04_raddie_snake.png  used on input line 408.
(pdftex.def)             Requested size: 94.54497pt x 145.94504pt.
<postavy/04_simeon_picos.png, id=262, 252.945pt x 390.45876pt>
File: postavy/04_simeon_picos.png Graphic file (type png)
<use postavy/04_simeon_picos.png>
Package pdftex.def Info: postavy/04_simeon_picos.png  used on input line 413.
(pdftex.def)             Requested size: 94.54497pt x 145.94504pt.
<postavy/19_BennyBrawler.png, id=263, 250.9375pt x 390.45876pt>
File: postavy/19_BennyBrawler.png Graphic file (type png)
<use postavy/19_BennyBrawler.png>
Package pdftex.def Info: postavy/19_BennyBrawler.png  used on input line 418.
(pdftex.def)             Requested size: 94.54497pt x 147.11278pt.
<postavy/20_EvanBabbit.png, id=264, 250.9375pt x 390.45876pt>
File: postavy/20_EvanBabbit.png Graphic file (type png)
<use postavy/20_EvanBabbit.png>
Package pdftex.def Info: postavy/20_EvanBabbit.png  used on input line 423.
(pdftex.def)             Requested size: 94.54497pt x 147.11278pt.

Underfull \hbox (badness 1221) in paragraph at lines 424--424
\T1/cmr/m/n/8 Bang!, mô-şete od-ho-di´ kartu s
 []


Underfull \hbox (badness 4859) in paragraph at lines 424--424
\T1/cmr/m/n/8 vzdia-le-nos´ ne-ovp-lyv-¬ujú karty
 []


Underfull \hbox (badness 1178) in paragraph at lines 424--424
\T1/cmr/m/n/8 a pos-tihy sa vy-hod-no-cujú voŁi
 []


LaTeX Warning: `!h' float specifier changed to `!ht'.

<postavy/21_JimmyTexas.png, id=265, 250.9375pt x 390.45876pt>
File: postavy/21_JimmyTexas.png Graphic file (type png)
<use postavy/21_JimmyTexas.png>
Package pdftex.def Info: postavy/21_JimmyTexas.png  used on input line 430.
(pdftex.def)             Requested size: 94.54497pt x 147.11278pt.
<postavy/22_Manuelita.png, id=266, 250.9375pt x 390.45876pt>
File: postavy/22_Manuelita.png Graphic file (type png)
<use postavy/22_Manuelita.png>
Package pdftex.def Info: postavy/22_Manuelita.png  used on input line 435.
(pdftex.def)             Requested size: 94.54497pt x 147.11278pt.
<postavy/23_Sancho.png, id=267, 250.9375pt x 390.45876pt>
File: postavy/23_Sancho.png Graphic file (type png)
<use postavy/23_Sancho.png>
Package pdftex.def Info: postavy/23_Sancho.png  used on input line 440.
(pdftex.def)             Requested size: 94.54497pt x 147.11278pt.

LaTeX Warning: `!h' float specifier changed to `!ht'.

) (goldrush.tex [14

 <./postavy/01_bartcassidy.png> <./postavy/01_blackjack.png> <./postavy/01_calamityjanet.png> <./postavy/01_elgringo.png> <./postavy/01_jessejones.png> <./postavy/01_jourdonnais.png> <./postavy/01_kitcarlson.png> <./postavy/01_luckyduke.png>] [15 <./postavy/01_paulregret.png> <./postavy/01_pedroramirez.png> <./postavy/01_rosedoolan.png> <./postavy/01_sidketchum.png> <./postavy/01_slab.png> <./postavy/01_suzylafayette.png> <./postavy/01_vulturesam.png> <./postavy/01_willythekid.png>] [16 <./postavy/03_apache_kid.png> <./postavy/03_belle_star.png> <./postavy/03_bill_noface.png> <./postavy/03_chuck_wengam.png> <./postavy/03_doc_holyday.png> <./postavy/03_elena_fuente.png> <./postavy/03_greg_digger.png> <./postavy/03_herb_hunter.png> <./postavy/03_jose_delgado.png> <./postavy/03_molly_stark.png> <./postavy/03_pat_brennan.png> <./postavy/03_pixie_pete.png>] [17 <./postavy/03_sean_mallory.png> <./postavy/03_tequila_joe.png> <./postavy/03_vera_custer.png> <./postavy/04_madame_yto.png> <./postavy/04_don_bell.png> <./postavy/06_bigspencer.png> <./postavy/06_youlgrinner.png> <./postavy/06_greygorydeck.png>] [18 <./postavy/06_leevankliff.png> <./postavy/06_garylooter.png> <./postavy/06_terenkill.png> <./postavy/06_flintwestwood.png> <./postavy/06_johnpain.png> <./postavy/07_henryblock.png> <./postavy/07_coloradobill.png> <./postavy/07_mickdefender.png>] [19 <./postavy/07_lemonadejim.png> <./postavy/07_evelynshebang.png> <./postavy/bonus-johnny-kisch.png> <./postavy/bonus-ClausTheSaint.png> <./postavy/bonus-UncleWill.png> <./postavy/25_SgtBlaze.png (PNG copy)> <./postavy/26_ZippyRoy.png (PNG copy)> <./postavy/24_ShadeOConnor.png (PNG copy)>] [20 <./postavy/04_dutch_will.png> <./postavy/04_jacky_murieta.png> <./postavy/04_josh_mccloud.png> <./postavy/04_pretty_luzena.png> <./postavy/04_raddie_snake.png> <./postavy/04_simeon_picos.png> <./postavy/19_BennyBrawler.png (PNG copy)> <./postavy/20_EvanBabbit.png (PNG copy)> <./postavy/21_JimmyTexas.png (PNG copy)> <./postavy/22_Manuelita.png (PNG copy)> <./postavy/23_Sancho.png (PNG copy)>]
Kapitola 6.
) (dicegame.tex [21

]
Kapitola 7.
LaTeX Font Info:    Trying to load font information for T1+cmtt on input line 3.
(C:\Users\budos\AppData\Local\Programs\MiKTeX\tex/latex/base\t1cmtt.fd
File: t1cmtt.fd 2023/04/13 v2.5m Standard LaTeX font definitions
)) (fistful.tex [22

]
Kapitola 8.
<fistful/05_agguato.png, id=352, 260.975pt x 390.45876pt>
File: fistful/05_agguato.png Graphic file (type png)
<use fistful/05_agguato.png>
Package pdftex.def Info: fistful/05_agguato.png  used on input line 7.
(pdftex.def)             Requested size: 94.54497pt x 141.45276pt.
<fistful/05_perunpugnodicarte.png, id=353, 260.975pt x 390.45876pt>
File: fistful/05_perunpugnodicarte.png Graphic file (type png)
<use fistful/05_perunpugnodicarte.png>
Package pdftex.def Info: fistful/05_perunpugnodicarte.png  used on input line 12.
(pdftex.def)             Requested size: 94.54497pt x 141.45276pt.

Underfull \hbox (badness 1253) in paragraph at lines 13--13
\T1/cmr/m/n/8 BANG!-ov, ko©ko ka-riet drşí v
 []

<fistful/05_ranch.png, id=354, 260.975pt x 390.45876pt>
File: fistful/05_ranch.png Graphic file (type png)
<use fistful/05_ranch.png>
Package pdftex.def Info: fistful/05_ranch.png  used on input line 17.
(pdftex.def)             Requested size: 94.54497pt x 141.45276pt.
<fistful/05_fratellidisangue.png, id=355, 260.975pt x 390.45876pt>
File: fistful/05_fratellidisangue.png Graphic file (type png)
<use fistful/05_fratellidisangue.png>
Package pdftex.def Info: fistful/05_fratellidisangue.png  used on input line 22.
(pdftex.def)             Requested size: 94.54497pt x 141.45276pt.

Underfull \hbox (badness 1248) in paragraph at lines 23--23
\T1/cmr/m/n/8 rem po-sled-ného) inému hrá-Łovi
 []

<fistful/05_ilgiudice.png, id=356, 260.975pt x 390.45876pt>
File: fistful/05_ilgiudice.png Graphic file (type png)
<use fistful/05_ilgiudice.png>
Package pdftex.def Info: fistful/05_ilgiudice.png  used on input line 30.
(pdftex.def)             Requested size: 94.54497pt x 141.45276pt.
<fistful/05_lazo.png, id=357, 260.975pt x 390.45876pt>
File: fistful/05_lazo.png Graphic file (type png)
<use fistful/05_lazo.png>
Package pdftex.def Info: fistful/05_lazo.png  used on input line 35.
(pdftex.def)             Requested size: 94.54497pt x 141.45276pt.
<fistful/05_leggedelwest.png, id=358, 260.975pt x 390.45876pt>
File: fistful/05_leggedelwest.png Graphic file (type png)
<use fistful/05_leggedelwest.png>
Package pdftex.def Info: fistful/05_leggedelwest.png  used on input line 40.
(pdftex.def)             Requested size: 94.54497pt x 141.45276pt.
<fistful/05_liquoreforte.png, id=359, 260.975pt x 390.45876pt>
File: fistful/05_liquoreforte.png Graphic file (type png)
<use fistful/05_liquoreforte.png>
Package pdftex.def Info: fistful/05_liquoreforte.png  used on input line 45.
(pdftex.def)             Requested size: 94.54497pt x 141.45276pt.
<fistful/05_minieraabbandonata.png, id=360, 260.975pt x 390.45876pt>
File: fistful/05_minieraabbandonata.png Graphic file (type png)
<use fistful/05_minieraabbandonata.png>
Package pdftex.def Info: fistful/05_minieraabbandonata.png  used on input line 53.
(pdftex.def)             Requested size: 94.54497pt x 141.45276pt.

Underfull \hbox (badness 1077) in paragraph at lines 54--54
\T1/cmr/m/n/8 sa na-ozaj od-ha-dzujú, na-prí-klad
 []

<fistful/05_cecchino.png, id=361, 260.975pt x 390.45876pt>
File: fistful/05_cecchino.png Graphic file (type png)
<use fistful/05_cecchino.png>
Package pdftex.def Info: fistful/05_cecchino.png  used on input line 58.
(pdftex.def)             Requested size: 94.54497pt x 141.45276pt.
<fistful/05_peyote.png, id=362, 260.975pt x 390.45876pt>
File: fistful/05_peyote.png Graphic file (type png)
<use fistful/05_peyote.png>
Package pdftex.def Info: fistful/05_peyote.png  used on input line 63.
(pdftex.def)             Requested size: 94.54497pt x 141.45276pt.
<fistful/05_deadman.png, id=363, 260.975pt x 390.45876pt>
File: fistful/05_deadman.png Graphic file (type png)
<use fistful/05_deadman.png>
Package pdftex.def Info: fistful/05_deadman.png  used on input line 68.
(pdftex.def)             Requested size: 94.54497pt x 141.45276pt.

LaTeX Warning: `!h' float specifier changed to `!ht'.

<fistful/05_rimbalzo.png, id=364, 260.975pt x 390.45876pt>
File: fistful/05_rimbalzo.png Graphic file (type png)
<use fistful/05_rimbalzo.png>
Package pdftex.def Info: fistful/05_rimbalzo.png  used on input line 76.
(pdftex.def)             Requested size: 94.54497pt x 141.45276pt.
<fistful/05_rouletterussa.png, id=365, 260.975pt x 390.45876pt>
File: fistful/05_rouletterussa.png Graphic file (type png)
<use fistful/05_rouletterussa.png>
Package pdftex.def Info: fistful/05_rouletterussa.png  used on input line 81.
(pdftex.def)             Requested size: 94.54497pt x 141.45276pt.
<fistful/05_vendetta.png, id=366, 260.975pt x 390.45876pt>
File: fistful/05_vendetta.png Graphic file (type png)
<use fistful/05_vendetta.png>
Package pdftex.def Info: fistful/05_vendetta.png  used on input line 86.
(pdftex.def)             Requested size: 94.54497pt x 141.45276pt.

LaTeX Warning: `!h' float specifier changed to `!ht'.

) (highnoon.tex [23

 <./fistful/05_agguato.png> <./fistful/05_perunpugnodicarte.png> <./fistful/05_ranch.png> <./fistful/05_fratellidisangue.png> <./fistful/05_ilgiudice.png> <./fistful/05_lazo.png> <./fistful/05_leggedelwest.png> <./fistful/05_liquoreforte.png>] [24 <./fistful/05_minieraabbandonata.png> <./fistful/05_cecchino.png> <./fistful/05_peyote.png> <./fistful/05_deadman.png> <./fistful/05_rimbalzo.png> <./fistful/05_rouletterussa.png> <./fistful/05_vendetta.png>]
Kapitola 9.
<highnoon/05_benedizione.png, id=388, 260.975pt x 390.45876pt>
File: highnoon/05_benedizione.png Graphic file (type png)
<use highnoon/05_benedizione.png>
Package pdftex.def Info: highnoon/05_benedizione.png  used on input line 6.
(pdftex.def)             Requested size: 94.54497pt x 141.45276pt.
<highnoon/05_cittafantasma.png, id=389, 260.975pt x 390.45876pt>
File: highnoon/05_cittafantasma.png Graphic file (type png)
<use highnoon/05_cittafantasma.png>
Package pdftex.def Info: highnoon/05_cittafantasma.png  used on input line 11.
(pdftex.def)             Requested size: 94.54497pt x 141.45276pt.
<highnoon/05_corsaalloro.png, id=390, 260.975pt x 390.45876pt>
File: highnoon/05_corsaalloro.png Graphic file (type png)
<use highnoon/05_corsaalloro.png>
Package pdftex.def Info: highnoon/05_corsaalloro.png  used on input line 16.
(pdftex.def)             Requested size: 94.54497pt x 141.45276pt.
<highnoon/05_idalton.png, id=391, 260.975pt x 390.45876pt>
File: highnoon/05_idalton.png Graphic file (type png)
<use highnoon/05_idalton.png>
Package pdftex.def Info: highnoon/05_idalton.png  used on input line 21.
(pdftex.def)             Requested size: 94.54497pt x 141.45276pt.

Underfull \hbox (badness 2126) in paragraph at lines 22--22
\T1/cmr/m/n/8 pred se-bou modré karty, musí
 []

<highnoon/05_ildottore.png, id=392, 260.975pt x 390.45876pt>
File: highnoon/05_ildottore.png Graphic file (type png)
<use highnoon/05_ildottore.png>
Package pdftex.def Info: highnoon/05_ildottore.png  used on input line 29.
(pdftex.def)             Requested size: 94.54497pt x 141.45276pt.
<highnoon/05_ilreverendo.png, id=393, 260.975pt x 390.45876pt>
File: highnoon/05_ilreverendo.png Graphic file (type png)
<use highnoon/05_ilreverendo.png>
Package pdftex.def Info: highnoon/05_ilreverendo.png  used on input line 34.
(pdftex.def)             Requested size: 94.54497pt x 141.45276pt.
<highnoon/05_iltreno.png, id=394, 260.975pt x 390.45876pt>
File: highnoon/05_iltreno.png Graphic file (type png)
<use highnoon/05_iltreno.png>
Package pdftex.def Info: highnoon/05_iltreno.png  used on input line 39.
(pdftex.def)             Requested size: 94.54497pt x 141.45276pt.
<highnoon/05_maledizione.png, id=395, 260.975pt x 390.45876pt>
File: highnoon/05_maledizione.png Graphic file (type png)
<use highnoon/05_maledizione.png>
Package pdftex.def Info: highnoon/05_maledizione.png  used on input line 44.
(pdftex.def)             Requested size: 94.54497pt x 141.45276pt.
<highnoon/05_mezzogiornodifuoco.png, id=396, 260.975pt x 390.45876pt>
File: highnoon/05_mezzogiornodifuoco.png Graphic file (type png)
<use highnoon/05_mezzogiornodifuoco.png>
Package pdftex.def Info: highnoon/05_mezzogiornodifuoco.png  used on input line 52.
(pdftex.def)             Requested size: 94.54497pt x 141.45276pt.
<highnoon/05_sbornia.png, id=397, 260.975pt x 390.45876pt>
File: highnoon/05_sbornia.png Graphic file (type png)
<use highnoon/05_sbornia.png>
Package pdftex.def Info: highnoon/05_sbornia.png  used on input line 57.
(pdftex.def)             Requested size: 94.54497pt x 141.45276pt.
<highnoon/05_sermone.png, id=398, 260.975pt x 390.45876pt>
File: highnoon/05_sermone.png Graphic file (type png)
<use highnoon/05_sermone.png>
Package pdftex.def Info: highnoon/05_sermone.png  used on input line 62.
(pdftex.def)             Requested size: 94.54497pt x 141.45276pt.
<highnoon/05_sete.png, id=399, 260.975pt x 390.45876pt>
File: highnoon/05_sete.png Graphic file (type png)
<use highnoon/05_sete.png>
Package pdftex.def Info: highnoon/05_sete.png  used on input line 67.
(pdftex.def)             Requested size: 94.54497pt x 141.45276pt.

LaTeX Warning: `!h' float specifier changed to `!ht'.

<highnoon/05_sparatoria.png, id=400, 260.975pt x 390.45876pt>
File: highnoon/05_sparatoria.png Graphic file (type png)
<use highnoon/05_sparatoria.png>
Package pdftex.def Info: highnoon/05_sparatoria.png  used on input line 74.
(pdftex.def)             Requested size: 94.54497pt x 141.45276pt.
<highnoon/bonus-Manette.png, id=401, 250.9375pt x 390.45876pt>
File: highnoon/bonus-Manette.png Graphic file (type png)
<use highnoon/bonus-Manette.png>
Package pdftex.def Info: highnoon/bonus-Manette.png  used on input line 79.
(pdftex.def)             Requested size: 86.66472pt x 134.8514pt.
<highnoon/bonus-NuovaIdentita.png, id=402, 250.9375pt x 390.45876pt>
File: highnoon/bonus-NuovaIdentita.png Graphic file (type png)
<use highnoon/bonus-NuovaIdentita.png>
Package pdftex.def Info: highnoon/bonus-NuovaIdentita.png  used on input line 84.
(pdftex.def)             Requested size: 86.66472pt x 134.8514pt.

LaTeX Warning: `!h' float specifier changed to `!ht'.

) (wildwest.tex [25

 <./highnoon/05_benedizione.png> <./highnoon/05_cittafantasma.png> <./highnoon/05_corsaalloro.png> <./highnoon/05_idalton.png> <./highnoon/05_ildottore.png> <./highnoon/05_ilreverendo.png> <./highnoon/05_iltreno.png> <./highnoon/05_maledizione.png>] [26 <./highnoon/05_mezzogiornodifuoco.png> <./highnoon/05_sbornia.png> <./highnoon/05_sermone.png> <./highnoon/05_sete.png> <./highnoon/05_sparatoria.png> <./highnoon/bonus-Manette.png> <./highnoon/bonus-NuovaIdentita.png>]
Kapitola 10.
<wildwest/06_bavaglio.png, id=425, 250.9375pt x 390.45876pt>
File: wildwest/06_bavaglio.png Graphic file (type png)
<use wildwest/06_bavaglio.png>
Package pdftex.def Info: wildwest/06_bavaglio.png  used on input line 6.
(pdftex.def)             Requested size: 94.54497pt x 147.11278pt.

Underfull \hbox (badness 1142) in paragraph at lines 7--7
\T1/cmr/m/n/8 (môşu ges-ti-ku-lo-va´, sto-na´, ...).
 []

<wildwest/06_camposanto.png, id=426, 250.9375pt x 390.45876pt>
File: wildwest/06_camposanto.png Graphic file (type png)
<use wildwest/06_camposanto.png>
Package pdftex.def Info: wildwest/06_camposanto.png  used on input line 11.
(pdftex.def)             Requested size: 94.54497pt x 147.11278pt.

Underfull \hbox (badness 1789) in paragraph at lines 12--12
[]\T1/cmr/m/n/8 Obr. 10.2: |Na za-Łiatku svojho
 []


Underfull \hbox (badness 1675) in paragraph at lines 12--12
\T1/cmr/m/n/8 tia do hry s 1 şi-vo-tom. Role
 []


Underfull \hbox (badness 1496) in paragraph at lines 12--12
\T1/cmr/m/n/8 ná-hodne roz-de©te. HráŁi sa do
 []

<wildwest/06_darlingvalentine.png, id=427, 250.9375pt x 390.45876pt>
File: wildwest/06_darlingvalentine.png Graphic file (type png)
<use wildwest/06_darlingvalentine.png>
Package pdftex.def Info: wildwest/06_darlingvalentine.png  used on input line 16.
(pdftex.def)             Requested size: 94.54497pt x 147.11278pt.

Underfull \hbox (badness 1789) in paragraph at lines 17--17
[]\T1/cmr/m/n/8 Obr. 10.3: |Na za-Łiatku svojho
 []

<wildwest/06_dorothyrage.png, id=428, 250.9375pt x 390.45876pt>
File: wildwest/06_dorothyrage.png Graphic file (type png)
<use wildwest/06_dorothyrage.png>
Package pdftex.def Info: wildwest/06_dorothyrage.png  used on input line 21.
(pdftex.def)             Requested size: 94.54497pt x 147.11278pt.
<wildwest/06_helenazontero.png, id=429, 250.9375pt x 390.45876pt>
File: wildwest/06_helenazontero.png Graphic file (type png)
<use wildwest/06_helenazontero.png>
Package pdftex.def Info: wildwest/06_helenazontero.png  used on input line 29.
(pdftex.def)             Requested size: 94.54497pt x 147.11278pt.
<wildwest/06_ladyrosadeltexas.png, id=430, 250.9375pt x 390.45876pt>
File: wildwest/06_ladyrosadeltexas.png Graphic file (type png)
<use wildwest/06_ladyrosadeltexas.png>
Package pdftex.def Info: wildwest/06_ladyrosadeltexas.png  used on input line 34.
(pdftex.def)             Requested size: 94.54497pt x 147.11278pt.
<wildwest/06_misssusanna.png, id=431, 250.9375pt x 390.45876pt>
File: wildwest/06_misssusanna.png Graphic file (type png)
<use wildwest/06_misssusanna.png>
Package pdftex.def Info: wildwest/06_misssusanna.png  used on input line 39.
(pdftex.def)             Requested size: 94.54497pt x 147.11278pt.
<wildwest/06_regolamentodiconti.png, id=432, 250.9375pt x 390.45876pt>
File: wildwest/06_regolamentodiconti.png Graphic file (type png)
<use wildwest/06_regolamentodiconti.png>
Package pdftex.def Info: wildwest/06_regolamentodiconti.png  used on input line 44.
(pdftex.def)             Requested size: 94.54497pt x 147.11278pt.

Underfull \hbox (badness 1072) in paragraph at lines 45--45
[]\T1/cmr/m/n/8 Obr. 10.8: |Kaşdú kartu moşno
 []

<wildwest/06_sacagaway.png, id=433, 250.9375pt x 390.45876pt>
File: wildwest/06_sacagaway.png Graphic file (type png)
<use wildwest/06_sacagaway.png>
Package pdftex.def Info: wildwest/06_sacagaway.png  used on input line 52.
(pdftex.def)             Requested size: 94.54497pt x 147.11278pt.

Underfull \hbox (badness 2753) in paragraph at lines 53--53
\T1/cmr/m/n/8 Cat Ba-lou a po-dob-ných efek-
 []

<wildwest/06_wildwestshow.png, id=434, 250.9375pt x 390.45876pt>
File: wildwest/06_wildwestshow.png Graphic file (type png)
<use wildwest/06_wildwestshow.png>
Package pdftex.def Info: wildwest/06_wildwestshow.png  used on input line 57.
(pdftex.def)             Requested size: 94.54497pt x 147.11278pt.

LaTeX Warning: `!h' float specifier changed to `!ht'.

) [27

 <./wildwest/06_bavaglio.png> <./wildwest/06_camposanto.png> <./wildwest/06_darlingvalentine.png> <./wildwest/06_dorothyrage.png> <./wildwest/06_helenazontero.png> <./wildwest/06_ladyrosadeltexas.png> <./wildwest/06_misssusanna.png> <./wildwest/06_regolamentodiconti.png>] [28 <./wildwest/06_sacagaway.png> <./wildwest/06_wildwestshow.png>] (main.bbl
Underfull \hbox (badness 10000) in paragraph at lines 23--28
[]\T1/cmr/m/n/10 Sciarra, E. (2011).  Wild west faq.  $\T1/cmtt/m/n/10 https : / / bangcardgame . blogspot . com / 2011 / 01 /
 []

) (apendix.tex [29


]
Kapitola 11.
<images/preambula1.png, id=454, 864.22874pt x 453.49425pt>
File: images/preambula1.png Graphic file (type png)
<use images/preambula1.png>
Package pdftex.def Info: images/preambula1.png  used on input line 3.
(pdftex.def)             Requested size: 525.23788pt x 275.6208pt.
<images/preambula2.png, id=455, 866.0355pt x 274.02374pt>
File: images/preambula2.png Graphic file (type png)
<use images/preambula2.png>
Package pdftex.def Info: images/preambula2.png  used on input line 8.
(pdftex.def)             Requested size: 525.23788pt x 166.19673pt.
) [30

 <./images/preambula1.png> <./images/preambula2.png>] (main.aux)
 ***********
LaTeX2e <2023-11-01> patch level 1
L3 programming layer <2024-01-04>
 ***********


LaTeX Warning: There were multiply-defined labels.

 ) 
Here is how much of TeX's memory you used:
 8199 strings out of 474486
 159436 string characters out of 5743754
 1975542 words of memory out of 5000000
 30342 multiletter control sequences out of 15000+600000
 570969 words of font info for 63 fonts, out of 8000000 for 9000
 1141 hyphenation exceptions out of 8191
 79i,9n,93p,679b,430s stack positions out of 10000i,1000n,20000p,200000b,200000s
 <C:\Users\budos\AppData\Local\MiKTeX\fonts/pk/ljfour/jknappen/ec/dpi600\ectt1000.pk> <C:\Users\budos\AppData\Local\MiKTeX\fonts/pk/ljfour/jknappen/ec/dpi600\ecrm0800.pk> <C:\Users\budos\AppData\Local\MiKTeX\fonts/pk/ljfour/jknappen/ec/dpi600\ecti1000.pk> <C:\Users\budos\AppData\Local\MiKTeX\fonts/pk/ljfour/jknappen/ec/dpi600\tcrm1000.pk> <C:\Users\budos\AppData\Local\MiKTeX\fonts/pk/ljfour/jknappen/ec/dpi600\ecbx1440.pk> <C:\Users\budos\AppData\Local\MiKTeX\fonts/pk/ljfour/jknappen/ec/dpi600\ecrm1000.pk> <C:\Users\budos\AppData\Local\MiKTeX\fonts/pk/ljfour/jknappen/ec/dpi600\ecbx1000.pk> <C:\Users\budos\AppData\Local\MiKTeX\fonts/pk/ljfour/jknappen/ec/dpi600\ecbx2488.pk> <C:\Users\budos\AppData\Local\MiKTeX\fonts/pk/ljfour/jknappen/ec/dpi600\ecrm1200.pk> <C:\Users\budos\AppData\Local\MiKTeX\fonts/pk/ljfour/jknappen/ec/dpi600\ecrm1728.pk><C:/Users/budos/AppData/Local/Programs/MiKTeX/fonts/type1/public/amsfonts/cm/cmr10.pfb><C:/Users/budos/AppData/Local/Programs/MiKTeX/fonts/type1/public/amsfonts/cm/cmsy10.pfb>
Output written on main.pdf (36 pages, 20626993 bytes).
PDF statistics:
 945 PDF objects out of 1000 (max. 8388607)
 0 named destinations out of 1000 (max. 500000)
 891 words of extra memory for PDF output out of 10000 (max. 10000000)

